[2023-08-05 05:54:53] [OK] ..:validar_usuario:..
[2023-08-05 05:54:53] [OK] Inicio de operacion op: consulta desexto
[2023-08-05 05:55:03] [OK] ..:crud_cursos:..
[2023-08-05 05:55:03] [OK] Inicio de operacion op: CX
[2023-08-05 05:55:03] [OK] Respuesta: {"codResponse":"02","msjResponse":"NO HAY DATOS"}
[2023-08-05 05:55:06] [OK] ..:crud_cursos:..
[2023-08-05 05:55:06] [OK] Inicio de operacion op: CX
[2023-08-05 05:55:06] [OK] Respuesta: {"codResponse":"02","msjResponse":"NO HAY DATOS"}
[2023-08-05 05:55:15] [OK] ..:crud_cursos:..
[2023-08-05 05:55:15] [OK] Inicio de operacion op: CX
[2023-08-05 05:55:15] [OK] Respuesta: {"codResponse":"02","msjResponse":"NO HAY DATOS"}
[2023-08-05 05:55:26] [OK] Respuesta: {"codResponse":"00","msjResponse":"TRANSACCIÓN OK","data":{"ID":"11","ROL":"ESTUDIANTE","USUARIO":"sexto","CAMBIAR_CONTRASENIA":"N","NOMBRES":"Ericka ","APELLIDOS":"Once","CEDULA":"0912133345","SEXO":"M","EDAD":"15","ID_ROL":"3","CURSO":"6"}}
[2023-08-05 05:55:52] [OK] ..:validar_usuario:..
[2023-08-05 05:55:52] [OK] Inicio de operacion op: consulta deprofesor
[2023-08-05 05:56:00] [OK] ..:crud_cursos:..
[2023-08-05 05:56:00] [OK] Inicio de operacion op: CN
[2023-08-05 05:56:00] [OK] Respuesta: {"codResponse":"00","msjResponse":"TRANSACCIÓN OK","data":[{"ID":"2","ID_PROFESOR":3,"NOMBRE":"matematicas","DESCRIPCION":"matematicas 12","ANIO":2023,"ESTADO":"S"},{"ID":"3","ID_PROFESOR":3,"NOMBRE":"fisica","DESCRIPCION":"fisica 223","ANIO":2023,"ESTADO":"S"},{"ID":"7","ID_PROFESOR":3,"NOMBRE":"Letritas","DESCRIPCION":"Curso de lectura","ANIO":0,"ESTADO":"S"},{"ID":"9","ID_PROFESOR":3,"NOMBRE":"Pensamiento ","DESCRIPCION":"Pensar","ANIO":0,"ESTADO":"S"},{"ID":"12","ID_PROFESOR":3,"NOMBRE":"6","DESCRIPCION":"6","ANIO":0,"ESTADO":"S"}]}
[2023-08-05 05:56:04] [OK] ..:crud_cursos:..
[2023-08-05 05:56:04] [OK] Inicio de operacion op: CP
[2023-08-05 05:56:04] [OK] Respuesta: {"codResponse":"00","msjResponse":"TRANSACCIÓN OK","data":[{"ID":11,"USUARIO":"sexto","NOMBRES":"Ericka ","APELLIDOS":"Once","SEXO":"M"},{"ID":12,"USUARIO":"septimo","NOMBRES":"Candy","APELLIDOS":"Gomory","SEXO":"M"}]}
[2023-08-05 05:56:04] [OK] ..:crud_cursos:..
[2023-08-05 05:56:04] [OK] Inicio de operacion op: CPC
[2023-08-05 05:56:04] [OK] Respuesta: {"codResponse":"00","msjResponse":"TRANSACCIÓN OK","data":[{"ID":4,"USUARIO":"alumno","NOMBRES":"Luisa Maria","APELLIDOS":"Rodriguez","SEXO":"F"},{"ID":6,"USUARIO":"jdeep","NOMBRES":"jonnhy ","APELLIDOS":"deep","SEXO":"M"},{"ID":7,"USUARIO":"usu02","NOMBRES":"Moises Armijo","APELLIDOS":"Montero Alai","SEXO":"M"},{"ID":8,"USUARIO":"usu03","NOMBRES":"Anna Belen","APELLIDOS":"Rui Sala","SEXO":"F"}]}
[2023-08-05 05:56:08] [OK] ..:crud_cursos:..
[2023-08-05 05:56:08] [OK] Inicio de operacion op: ICE
[2023-08-05 05:56:08] [OK] Respuesta: {"codResponse":"00","msjResponse":"TRANSACCIÓN OK"}
[2023-08-05 05:56:08] [OK] ..:crud_cursos:..
[2023-08-05 05:56:08] [OK] Inicio de operacion op: CP
[2023-08-05 05:56:08] [OK] Respuesta: {"codResponse":"00","msjResponse":"TRANSACCIÓN OK","data":[{"ID":12,"USUARIO":"septimo","NOMBRES":"Candy","APELLIDOS":"Gomory","SEXO":"M"}]}
[2023-08-05 05:56:08] [OK] ..:crud_cursos:..
[2023-08-05 05:56:08] [OK] Inicio de operacion op: CPC
[2023-08-05 05:56:08] [OK] Respuesta: {"codResponse":"00","msjResponse":"TRANSACCIÓN OK","data":[{"ID":4,"USUARIO":"alumno","NOMBRES":"Luisa Maria","APELLIDOS":"Rodriguez","SEXO":"F"},{"ID":6,"USUARIO":"jdeep","NOMBRES":"jonnhy ","APELLIDOS":"deep","SEXO":"M"},{"ID":7,"USUARIO":"usu02","NOMBRES":"Moises Armijo","APELLIDOS":"Montero Alai","SEXO":"M"},{"ID":8,"USUARIO":"usu03","NOMBRES":"Anna Belen","APELLIDOS":"Rui Sala","SEXO":"F"},{"ID":11,"USUARIO":"sexto","NOMBRES":"Ericka ","APELLIDOS":"Once","SEXO":"M"}]}
[2023-08-05 05:56:22] [OK] ..:crud_cursos:..
[2023-08-05 05:56:22] [OK] Inicio de operacion op: CN
[2023-08-05 05:56:22] [OK] Respuesta: {"codResponse":"00","msjResponse":"TRANSACCIÓN OK","data":[{"ID":"2","ID_PROFESOR":3,"NOMBRE":"matematicas","DESCRIPCION":"matematicas 12","ANIO":2023,"ESTADO":"S"},{"ID":"3","ID_PROFESOR":3,"NOMBRE":"fisica","DESCRIPCION":"fisica 223","ANIO":2023,"ESTADO":"S"},{"ID":"7","ID_PROFESOR":3,"NOMBRE":"Letritas","DESCRIPCION":"Curso de lectura","ANIO":0,"ESTADO":"S"},{"ID":"9","ID_PROFESOR":3,"NOMBRE":"Pensamiento ","DESCRIPCION":"Pensar","ANIO":0,"ESTADO":"S"},{"ID":"12","ID_PROFESOR":3,"NOMBRE":"6","DESCRIPCION":"6","ANIO":0,"ESTADO":"S"}]}
[2023-08-05 05:56:55] [OK] ..:crud_asignaciones:..
[2023-08-05 05:56:55] [OK] Inicio de operacion op: IN
[2023-08-05 05:56:55] [OK] Respuesta: {"codResponse":"00","msjResponse":"TRANSACCIÓN OK"}
[2023-08-05 05:57:08] [OK] ..:asignaciones_no_entregadas:..
[2023-08-05 05:57:08] [OK] Inicio de operacion op: CN_ASIGNACIONES
[2023-08-05 05:57:08] [OK] Respuesta: {"codResponse":"00","msjResponse":"TRANSACCIÓN OK","data":[{"ID":"6","ID_CURSO":"1","TITULO":"investigación de la antropologia","INSTRUCCIONES":"solo agregar el contenido en texto","FECHA_VENCIMIENTO":"2023-02-27"},{"ID":"15","ID_CURSO":"2","TITULO":"tarea de matematicas","INSTRUCCIONES":"estas son\ninstrucciones de la entrega de la tarea","FECHA_VENCIMIENTO":"2023-04-24"},{"ID":"16","ID_CURSO":"3","TITULO":"Leer un cuento","INSTRUCCIONES":"Debe leer el cuento del siguiente link: wwwwww","FECHA_VENCIMIENTO":"2023-05-31"},{"ID":"17","ID_CURSO":"2","TITULO":"Algebra","INSTRUCCIONES":"realizar ejercicios del 1 al 20","FECHA_VENCIMIENTO":"2023-08-05"}]}
[2023-08-05 05:57:13] [OK] ..:crud_asignaciones:..
[2023-08-05 05:57:13] [OK] Inicio de operacion op: CNA
[2023-08-05 05:57:13] [OK] filaString: {"ID":"6","ENTREGA":"New content","FECHA_ENTREGA":"2023-02-26","CALIFICACION":20,"TITULO":"investigaci\u00f3n de la antropologia","FECHA_VENCIMIENTO":"2023-02-27","NOMBRES":"Luisa Maria Rodriguez"}
[2023-08-05 05:57:13] [OK] filaString: {"ID":"16","ENTREGA":"estoy entregando una nueva tarea","FECHA_ENTREGA":"2023-05-30","CALIFICACION":10,"TITULO":"Leer un cuento","FECHA_VENCIMIENTO":"2023-05-31","NOMBRES":"Luisa Maria Rodriguez"}
[2023-08-05 05:57:13] [OK] Respuesta: {"codResponse":"00","msjResponse":"TRANSACCIÓN OK","data":[{"ID":"6","ENTREGA":"New content","FECHA_ENTREGA":"2023-02-26","CALIFICACION":20,"TITULO":"investigación de la antropologia","FECHA_VENCIMIENTO":"2023-02-27","NOMBRES":"Luisa Maria Rodriguez"},{"ID":"16","ENTREGA":"estoy entregando una nueva tarea","FECHA_ENTREGA":"2023-05-30","CALIFICACION":10,"TITULO":"Leer un cuento","FECHA_VENCIMIENTO":"2023-05-31","NOMBRES":"Luisa Maria Rodriguez"}]}
[2023-08-05 05:57:56] [OK] ..:validar_usuario:..
[2023-08-05 05:57:56] [OK] Inicio de operacion op: consulta desexto
[2023-08-05 05:59:41] [OK] ..:crud_cursos:..
[2023-08-05 05:59:41] [OK] Inicio de operacion op: CX
[2023-08-05 05:59:41] [OK] Respuesta: {"codResponse":"00","msjResponse":"TRANSACCIÓN OK","data":[{"ID":"2","NOMBRE":"matematicas","DESCRIPCION":"matematicas 12","ANIO":2023,"ESTADO":"S"}]}
[2023-08-05 05:59:43] [OK] ..:crud_cursos:..
[2023-08-05 05:59:43] [OK] Inicio de operacion op: CT
[2023-08-05 05:59:43] [OK] Respuesta: {"codResponse":"00","msjResponse":"TRANSACCIÓN OK","data":[{"ID":"15","ID_CURSO":"2","TITULO":"tarea de matematicas","INSTRUCCIONES":"estas son\ninstrucciones de la entrega de la tarea","FECHA_VENCIMIENTO":"24\/04\/2023"},{"ID":"17","ID_CURSO":"2","TITULO":"Algebra","INSTRUCCIONES":"realizar ejercicios del 1 al 20","FECHA_VENCIMIENTO":"05\/08\/2023"}]}
[2023-08-05 06:00:16] [OK] ..:validar_usuario:..
[2023-08-05 06:00:16] [OK] Inicio de operacion op: consulta deprofesor
[2023-08-05 06:00:31] [OK] ..:crud_cursos:..
[2023-08-05 06:00:31] [OK] Inicio de operacion op: CN
[2023-08-05 06:00:31] [OK] Respuesta: {"codResponse":"00","msjResponse":"TRANSACCIÓN OK","data":[{"ID":"2","ID_PROFESOR":3,"NOMBRE":"matematicas","DESCRIPCION":"matematicas 12","ANIO":2023,"ESTADO":"S"},{"ID":"3","ID_PROFESOR":3,"NOMBRE":"fisica","DESCRIPCION":"fisica 223","ANIO":2023,"ESTADO":"S"},{"ID":"7","ID_PROFESOR":3,"NOMBRE":"Letritas","DESCRIPCION":"Curso de lectura","ANIO":0,"ESTADO":"S"},{"ID":"9","ID_PROFESOR":3,"NOMBRE":"Pensamiento ","DESCRIPCION":"Pensar","ANIO":0,"ESTADO":"S"},{"ID":"12","ID_PROFESOR":3,"NOMBRE":"6","DESCRIPCION":"6","ANIO":0,"ESTADO":"S"}]}
[2023-08-05 06:00:58] [OK] ..:crud_asignaciones:..
[2023-08-05 06:00:58] [OK] Inicio de operacion op: IN
[2023-08-05 06:00:58] [OK] Respuesta: {"codResponse":"00","msjResponse":"TRANSACCIÓN OK"}
[2023-08-05 06:01:19] [OK] ..:validar_usuario:..
[2023-08-05 06:01:19] [OK] Inicio de operacion op: consulta desexto
[2023-08-05 06:01:24] [OK] ..:crud_cursos:..
[2023-08-05 06:01:24] [OK] Inicio de operacion op: CX
[2023-08-05 06:01:24] [OK] Respuesta: {"codResponse":"00","msjResponse":"TRANSACCIÓN OK","data":[{"ID":"2","NOMBRE":"matematicas","DESCRIPCION":"matematicas 12","ANIO":2023,"ESTADO":"S"}]}
[2023-08-05 06:01:25] [OK] ..:crud_cursos:..
[2023-08-05 06:01:25] [OK] Inicio de operacion op: CT
[2023-08-05 06:01:25] [OK] Respuesta: {"codResponse":"00","msjResponse":"TRANSACCIÓN OK","data":[{"ID":"15","ID_CURSO":"2","TITULO":"tarea de matematicas","INSTRUCCIONES":"estas son\ninstrucciones de la entrega de la tarea","FECHA_VENCIMIENTO":"24\/04\/2023"},{"ID":"17","ID_CURSO":"2","TITULO":"Algebra","INSTRUCCIONES":"realizar ejercicios del 1 al 20","FECHA_VENCIMIENTO":"05\/08\/2023"},{"ID":"18","ID_CURSO":"2","TITULO":"algebra 1","INSTRUCCIONES":"realizar ejercicios del 1 al 5","FECHA_VENCIMIENTO":"16\/08\/2023"}]}
[2023-08-05 06:01:49] [OK] ..:crud_asignaciones:..
[2023-08-05 06:01:49] [OK] Inicio de operacion op: EN
[2023-08-05 06:01:49] [OK] Respuesta: {"codResponse":"00","msjResponse":"TRANSACCIÓN OK"}
[2023-08-05 06:03:15] [OK] ..:validar_usuario:..
[2023-08-05 06:03:15] [OK] Inicio de operacion op: consulta desexto
[2023-08-05 06:03:28] [OK] ..:validar_usuario:..
[2023-08-05 06:03:28] [OK] Inicio de operacion op: consulta desexto
[2023-08-05 06:05:21] [OK] ..:validar_usuario:..
[2023-08-05 06:05:21] [OK] Inicio de operacion op: consulta desexto
[2023-08-05 06:06:31] [OK] ..:validar_usuario:..
[2023-08-05 06:06:31] [OK] Inicio de operacion op: consulta deprofesor
