[2023-08-06 19:17:43] [OK] ..:save_score:..
[2023-08-06 19:17:43] [OK] Inicio de operación
[2023-08-06 19:17:43] [OK] entrada: null
[2023-08-06 19:17:43] [OK] Respuesta: {"codResponse":"99","msjResponse":"Faltan datos"}
[2023-08-06 19:17:43] [OK] ..:save_score:..
[2023-08-06 19:17:43] [OK] Inicio de operación
[2023-08-06 19:17:43] [OK] entrada: {"id_estudiante":4,"curso":"5","unidad":"unidad 1","juego":"ordenar_relatos","puntaje":2}
[2023-08-06 19:17:43] [OK] Respuesta: {"codResponse":"00","msjResponse":"TRANSACCIÓN OK"}
[2023-08-06 19:21:34] [OK] ..:save_score:..
[2023-08-06 19:21:34] [OK] Inicio de operación
[2023-08-06 19:21:34] [OK] entrada: null
[2023-08-06 19:21:34] [OK] Respuesta: {"codResponse":"99","msjResponse":"Faltan datos"}
[2023-08-06 19:21:34] [OK] ..:save_score:..
[2023-08-06 19:21:34] [OK] Inicio de operación
[2023-08-06 19:21:34] [OK] entrada: {"id_estudiante":4,"curso":"5","unidad":"unidad 1","juego":"ordenar_relatos","puntaje":2}
[2023-08-06 19:21:34] [OK] Respuesta: {"codResponse":"00","msjResponse":"TRANSACCIÓN OK"}
[2023-08-06 19:23:23] [OK] ..:save_score:..
[2023-08-06 19:23:23] [OK] Inicio de operación
[2023-08-06 19:23:23] [OK] entrada: null
[2023-08-06 19:23:23] [OK] Respuesta: {"codResponse":"99","msjResponse":"Faltan datos"}
[2023-08-06 19:23:23] [OK] ..:save_score:..
[2023-08-06 19:23:23] [OK] Inicio de operación
[2023-08-06 19:23:23] [OK] entrada: {"id_estudiante":4,"curso":"5","unidad":"unidad 1","juego":"oracion_correcta","puntaje":10}
[2023-08-06 19:23:23] [OK] Respuesta: {"codResponse":"00","msjResponse":"TRANSACCIÓN OK"}
[2023-08-06 19:24:08] [OK] ..:save_score:..
[2023-08-06 19:24:08] [OK] Inicio de operación
[2023-08-06 19:24:08] [OK] entrada: null
[2023-08-06 19:24:08] [OK] Respuesta: {"codResponse":"99","msjResponse":"Faltan datos"}
[2023-08-06 19:24:08] [OK] ..:save_score:..
[2023-08-06 19:24:08] [OK] Inicio de operación
[2023-08-06 19:24:08] [OK] entrada: {"id_estudiante":4,"curso":"5","unidad":"unidad 1","juego":"oracion_correcta","puntaje":10}
[2023-08-06 19:24:08] [OK] Respuesta: {"codResponse":"00","msjResponse":"TRANSACCIÓN OK"}
[2023-08-06 19:24:11] [OK] ..:save_score:..
[2023-08-06 19:24:11] [OK] Inicio de operación
[2023-08-06 19:24:11] [OK] entrada: {"id_estudiante":4,"curso":"5","unidad":"unidad 1","juego":"oracion_correcta","puntaje":10}
[2023-08-06 19:24:11] [OK] Respuesta: {"codResponse":"00","msjResponse":"TRANSACCIÓN OK"}
[2023-08-06 19:26:56] [OK] ..:save_score:..
[2023-08-06 19:26:56] [OK] Inicio de operación
[2023-08-06 19:26:56] [OK] entrada: null
[2023-08-06 19:26:56] [OK] Respuesta: {"codResponse":"99","msjResponse":"Faltan datos"}
[2023-08-06 19:26:56] [OK] ..:save_score:..
[2023-08-06 19:26:56] [OK] Inicio de operación
[2023-08-06 19:26:56] [OK] entrada: {"id_estudiante":4,"curso":"5","unidad":"unidad 1","juego":"oracion_correcta","puntaje":10}
[2023-08-06 19:26:56] [OK] Respuesta: {"codResponse":"00","msjResponse":"TRANSACCIÓN OK"}
[2023-08-06 19:32:29] [OK] ..:save_score:..
[2023-08-06 19:32:29] [OK] Inicio de operación
[2023-08-06 19:32:29] [OK] entrada: null
[2023-08-06 19:32:29] [OK] Respuesta: {"codResponse":"99","msjResponse":"Faltan datos"}
[2023-08-06 19:32:29] [OK] ..:save_score:..
[2023-08-06 19:32:29] [OK] Inicio de operación
[2023-08-06 19:32:29] [OK] entrada: {"id_estudiante":4,"curso":"5","unidad":"unidad 4","juego":"ejercicio2","puntaje":20}
[2023-08-06 19:32:29] [OK] Respuesta: {"codResponse":"00","msjResponse":"TRANSACCIÓN OK"}
[2023-08-06 19:48:39] [OK] ..:save_score:..
[2023-08-06 19:48:39] [OK] Inicio de operación
[2023-08-06 19:48:39] [OK] entrada: null
[2023-08-06 19:48:39] [OK] Respuesta: {"codResponse":"99","msjResponse":"Faltan datos"}
[2023-08-06 19:48:39] [OK] ..:save_score:..
[2023-08-06 19:48:39] [OK] Inicio de operación
[2023-08-06 19:48:39] [OK] entrada: {"id_estudiante":4,"curso":"5","unidad":"unidad 4","juego":"ejercicio2","puntaje":20}
[2023-08-06 19:48:39] [OK] Respuesta: {"codResponse":"00","msjResponse":"TRANSACCIÓN OK"}
[2023-08-06 20:01:48] [OK] ..:save_score:..
[2023-08-06 20:01:48] [OK] Inicio de operación
[2023-08-06 20:01:48] [OK] entrada: null
[2023-08-06 20:01:48] [OK] Respuesta: {"codResponse":"99","msjResponse":"Faltan datos"}
[2023-08-06 20:01:48] [OK] ..:save_score:..
[2023-08-06 20:01:48] [OK] Inicio de operación
[2023-08-06 20:01:48] [OK] entrada: {"id_estudiante":11,"curso":"6","unidad":"unidad 1","juego":"ordenar_estructura_articulo","puntaje":4}
[2023-08-06 20:01:48] [OK] Respuesta: {"codResponse":"00","msjResponse":"TRANSACCIÓN OK"}
[2023-08-06 20:06:29] [OK] ..:save_score:..
[2023-08-06 20:06:29] [OK] Inicio de operación
[2023-08-06 20:06:29] [OK] entrada: null
[2023-08-06 20:06:29] [OK] Respuesta: {"codResponse":"99","msjResponse":"Faltan datos"}
[2023-08-06 20:06:29] [OK] ..:save_score:..
[2023-08-06 20:06:29] [OK] Inicio de operación
[2023-08-06 20:06:29] [OK] entrada: {"id_estudiante":11,"curso":"6","unidad":"unidad 1","juego":"ordenar_estructura_articulo","puntaje":4}
[2023-08-06 20:06:29] [OK] Respuesta: {"codResponse":"00","msjResponse":"TRANSACCIÓN OK"}
[2023-08-06 20:06:32] [OK] ..:save_score:..
[2023-08-06 20:06:32] [OK] Inicio de operación
[2023-08-06 20:06:32] [OK] entrada: {"id_estudiante":11,"curso":"6","unidad":"unidad 1","juego":"ordenar_estructura_articulo","puntaje":4}
[2023-08-06 20:06:32] [OK] Respuesta: {"codResponse":"00","msjResponse":"TRANSACCIÓN OK"}
[2023-08-06 20:06:51] [OK] ..:save_score:..
[2023-08-06 20:06:51] [OK] Inicio de operación
[2023-08-06 20:06:51] [OK] entrada: null
[2023-08-06 20:06:51] [OK] Respuesta: {"codResponse":"99","msjResponse":"Faltan datos"}
[2023-08-06 20:06:51] [OK] ..:save_score:..
[2023-08-06 20:06:51] [OK] Inicio de operación
[2023-08-06 20:06:51] [OK] entrada: {"id_estudiante":11,"curso":"6","unidad":"unidad 1","juego":"ordenar_estructura_articulo","puntaje":4}
[2023-08-06 20:06:51] [OK] Respuesta: {"codResponse":"00","msjResponse":"TRANSACCIÓN OK"}
[2023-08-06 20:08:02] [OK] ..:save_score:..
[2023-08-06 20:08:02] [OK] Inicio de operación
[2023-08-06 20:08:02] [OK] entrada: null
[2023-08-06 20:08:02] [OK] Respuesta: {"codResponse":"99","msjResponse":"Faltan datos"}
[2023-08-06 20:08:02] [OK] ..:save_score:..
[2023-08-06 20:08:02] [OK] Inicio de operación
[2023-08-06 20:08:02] [OK] entrada: {"id_estudiante":11,"curso":"6","unidad":"unidad 1","juego":"ordenar_estructura_articulo","puntaje":4}
[2023-08-06 20:08:02] [OK] Respuesta: {"codResponse":"00","msjResponse":"TRANSACCIÓN OK"}
[2023-08-06 20:08:46] [OK] ..:save_score:..
[2023-08-06 20:08:46] [OK] Inicio de operación
[2023-08-06 20:08:46] [OK] entrada: null
[2023-08-06 20:08:46] [OK] Respuesta: {"codResponse":"99","msjResponse":"Faltan datos"}
[2023-08-06 20:08:46] [OK] ..:save_score:..
[2023-08-06 20:08:46] [OK] Inicio de operación
[2023-08-06 20:08:46] [OK] entrada: {"id_estudiante":11,"curso":"6","unidad":"unidad 1","juego":"ordenar_estructura_articulo","puntaje":4}
[2023-08-06 20:08:46] [OK] Respuesta: {"codResponse":"00","msjResponse":"TRANSACCIÓN OK"}
[2023-08-06 20:08:47] [OK] ..:save_score:..
[2023-08-06 20:08:47] [OK] Inicio de operación
[2023-08-06 20:08:47] [OK] entrada: {"id_estudiante":11,"curso":"6","unidad":"unidad 1","juego":"ordenar_estructura_articulo","puntaje":4}
[2023-08-06 20:08:47] [OK] Respuesta: {"codResponse":"00","msjResponse":"TRANSACCIÓN OK"}
[2023-08-06 20:08:48] [OK] ..:save_score:..
[2023-08-06 20:08:48] [OK] Inicio de operación
[2023-08-06 20:08:48] [OK] entrada: {"id_estudiante":11,"curso":"6","unidad":"unidad 1","juego":"ordenar_estructura_articulo","puntaje":4}
[2023-08-06 20:08:48] [OK] Respuesta: {"codResponse":"00","msjResponse":"TRANSACCIÓN OK"}
[2023-08-06 20:08:49] [OK] ..:save_score:..
[2023-08-06 20:08:49] [OK] Inicio de operación
[2023-08-06 20:08:49] [OK] entrada: {"id_estudiante":11,"curso":"6","unidad":"unidad 1","juego":"ordenar_estructura_articulo","puntaje":4}
[2023-08-06 20:08:49] [OK] Respuesta: {"codResponse":"00","msjResponse":"TRANSACCIÓN OK"}
[2023-08-06 20:08:49] [OK] ..:save_score:..
[2023-08-06 20:08:49] [OK] Inicio de operación
[2023-08-06 20:08:49] [OK] entrada: {"id_estudiante":11,"curso":"6","unidad":"unidad 1","juego":"ordenar_estructura_articulo","puntaje":4}
[2023-08-06 20:08:49] [OK] Respuesta: {"codResponse":"00","msjResponse":"TRANSACCIÓN OK"}
[2023-08-06 20:08:50] [OK] ..:save_score:..
[2023-08-06 20:08:50] [OK] Inicio de operación
[2023-08-06 20:08:50] [OK] entrada: {"id_estudiante":11,"curso":"6","unidad":"unidad 1","juego":"ordenar_estructura_articulo","puntaje":4}
[2023-08-06 20:08:50] [OK] Respuesta: {"codResponse":"00","msjResponse":"TRANSACCIÓN OK"}
[2023-08-06 20:08:50] [OK] ..:save_score:..
[2023-08-06 20:08:50] [OK] Inicio de operación
[2023-08-06 20:08:50] [OK] entrada: {"id_estudiante":11,"curso":"6","unidad":"unidad 1","juego":"ordenar_estructura_articulo","puntaje":4}
[2023-08-06 20:08:50] [OK] Respuesta: {"codResponse":"00","msjResponse":"TRANSACCIÓN OK"}
[2023-08-06 20:09:45] [OK] ..:save_score:..
[2023-08-06 20:09:45] [OK] Inicio de operación
[2023-08-06 20:09:45] [OK] entrada: null
[2023-08-06 20:09:45] [OK] Respuesta: {"codResponse":"99","msjResponse":"Faltan datos"}
[2023-08-06 20:09:45] [OK] ..:save_score:..
[2023-08-06 20:09:45] [OK] Inicio de operación
[2023-08-06 20:09:45] [OK] entrada: {"id_estudiante":11,"curso":"6","unidad":"unidad 1","juego":"ordenar_estructura_articulo","puntaje":4}
[2023-08-06 20:09:45] [OK] Respuesta: {"codResponse":"00","msjResponse":"TRANSACCIÓN OK"}
[2023-08-06 20:23:50] [OK] ..:save_score:..
[2023-08-06 20:23:50] [OK] Inicio de operación
[2023-08-06 20:23:50] [OK] entrada: null
[2023-08-06 20:23:50] [OK] Respuesta: {"codResponse":"99","msjResponse":"Faltan datos"}
[2023-08-06 20:23:50] [OK] ..:save_score:..
[2023-08-06 20:23:50] [OK] Inicio de operación
[2023-08-06 20:23:50] [OK] entrada: {"id_estudiante":11,"curso":"6","unidad":"unidad 1","juego":"ordenar_estructura_articulo","puntaje":4}
[2023-08-06 20:23:50] [OK] Respuesta: {"codResponse":"00","msjResponse":"TRANSACCIÓN OK"}
[2023-08-06 20:26:44] [OK] ..:save_score:..
[2023-08-06 20:26:44] [OK] Inicio de operación
[2023-08-06 20:26:44] [OK] entrada: null
[2023-08-06 20:26:44] [OK] Respuesta: {"codResponse":"99","msjResponse":"Faltan datos"}
[2023-08-06 20:26:44] [OK] ..:save_score:..
[2023-08-06 20:26:44] [OK] Inicio de operación
[2023-08-06 20:26:44] [OK] entrada: {"id_estudiante":11,"curso":"6","unidad":"unidad 1","juego":"puntos_suspensivos","puntaje":0}
[2023-08-06 20:26:44] [OK] Respuesta: {"codResponse":"00","msjResponse":"TRANSACCIÓN OK"}
[2023-08-06 20:28:48] [OK] ..:save_score:..
[2023-08-06 20:28:48] [OK] Inicio de operación
[2023-08-06 20:28:48] [OK] entrada: null
[2023-08-06 20:28:48] [OK] Respuesta: {"codResponse":"99","msjResponse":"Faltan datos"}
[2023-08-06 20:28:48] [OK] ..:save_score:..
[2023-08-06 20:28:48] [OK] Inicio de operación
[2023-08-06 20:28:48] [OK] entrada: {"id_estudiante":11,"curso":"6","unidad":"unidad 1","juego":"puntos_suspensivos","puntaje":0}
[2023-08-06 20:28:48] [OK] Respuesta: {"codResponse":"00","msjResponse":"TRANSACCIÓN OK"}
[2023-08-06 20:29:08] [OK] ..:save_score:..
[2023-08-06 20:29:08] [OK] Inicio de operación
[2023-08-06 20:29:08] [OK] entrada: null
[2023-08-06 20:29:08] [OK] Respuesta: {"codResponse":"99","msjResponse":"Faltan datos"}
[2023-08-06 20:29:08] [OK] ..:save_score:..
[2023-08-06 20:29:08] [OK] Inicio de operación
[2023-08-06 20:29:08] [OK] entrada: {"id_estudiante":11,"curso":"6","unidad":"unidad 1","juego":"ordenar_estructura_articulo","puntaje":4}
[2023-08-06 20:29:08] [OK] Respuesta: {"codResponse":"00","msjResponse":"TRANSACCIÓN OK"}
[2023-08-06 20:30:11] [OK] ..:save_score:..
[2023-08-06 20:30:11] [OK] Inicio de operación
[2023-08-06 20:30:11] [OK] entrada: null
[2023-08-06 20:30:11] [OK] Respuesta: {"codResponse":"99","msjResponse":"Faltan datos"}
[2023-08-06 20:30:11] [OK] ..:save_score:..
[2023-08-06 20:30:11] [OK] Inicio de operación
[2023-08-06 20:30:11] [OK] entrada: {"id_estudiante":11,"curso":"6","unidad":"unidad 1","juego":"puntos_suspensivos","puntaje":0}
[2023-08-06 20:30:11] [OK] Respuesta: {"codResponse":"00","msjResponse":"TRANSACCIÓN OK"}
[2023-08-06 20:30:23] [OK] ..:save_score:..
[2023-08-06 20:30:23] [OK] Inicio de operación
[2023-08-06 20:30:23] [OK] entrada: null
[2023-08-06 20:30:23] [OK] Respuesta: {"codResponse":"99","msjResponse":"Faltan datos"}
[2023-08-06 20:30:23] [OK] ..:save_score:..
[2023-08-06 20:30:23] [OK] Inicio de operación
[2023-08-06 20:30:23] [OK] entrada: {"id_estudiante":11,"curso":"6","unidad":"unidad 1","juego":"puntos_suspensivos","puntaje":10}
[2023-08-06 20:30:23] [OK] Respuesta: {"codResponse":"00","msjResponse":"TRANSACCIÓN OK"}
[2023-08-06 21:09:46] [OK] ..:save_score:..
[2023-08-06 21:09:46] [OK] Inicio de operación
[2023-08-06 21:09:46] [OK] entrada: null
[2023-08-06 21:09:46] [OK] Respuesta: {"codResponse":"99","msjResponse":"Faltan datos"}
[2023-08-06 21:09:46] [OK] ..:save_score:..
[2023-08-06 21:09:46] [OK] Inicio de operación
[2023-08-06 21:09:46] [OK] entrada: {"id_estudiante":4,"curso":"5","unidad":"unidad 3","juego":"ejercicio2","puntaje":6}
[2023-08-06 21:09:46] [OK] Respuesta: {"codResponse":"00","msjResponse":"TRANSACCIÓN OK"}
[2023-08-06 21:09:51] [OK] ..:save_score:..
[2023-08-06 21:09:51] [OK] Inicio de operación
[2023-08-06 21:09:51] [OK] entrada: null
[2023-08-06 21:09:51] [OK] Respuesta: {"codResponse":"99","msjResponse":"Faltan datos"}
[2023-08-06 21:09:51] [OK] ..:save_score:..
[2023-08-06 21:09:51] [OK] Inicio de operación
[2023-08-06 21:09:51] [OK] entrada: {"id_estudiante":4,"curso":"5","unidad":"unidad 3","juego":"ejercicio2","puntaje":6}
[2023-08-06 21:09:51] [OK] Respuesta: {"codResponse":"00","msjResponse":"TRANSACCIÓN OK"}
[2023-08-06 21:09:53] [OK] ..:save_score:..
[2023-08-06 21:09:53] [OK] Inicio de operación
[2023-08-06 21:09:53] [OK] entrada: null
[2023-08-06 21:09:53] [OK] Respuesta: {"codResponse":"99","msjResponse":"Faltan datos"}
[2023-08-06 21:09:53] [OK] ..:save_score:..
[2023-08-06 21:09:53] [OK] Inicio de operación
[2023-08-06 21:09:53] [OK] entrada: {"id_estudiante":4,"curso":"5","unidad":"unidad 3","juego":"ejercicio2","puntaje":6}
[2023-08-06 21:09:53] [OK] Respuesta: {"codResponse":"00","msjResponse":"TRANSACCIÓN OK"}
[2023-08-06 21:09:57] [OK] ..:save_score:..
[2023-08-06 21:09:57] [OK] Inicio de operación
[2023-08-06 21:09:57] [OK] entrada: null
[2023-08-06 21:09:57] [OK] Respuesta: {"codResponse":"99","msjResponse":"Faltan datos"}
[2023-08-06 21:09:57] [OK] ..:save_score:..
[2023-08-06 21:09:57] [OK] Inicio de operación
[2023-08-06 21:09:57] [OK] entrada: {"id_estudiante":4,"curso":"5","unidad":"unidad 3","juego":"ejercicio2","puntaje":5}
[2023-08-06 21:09:57] [OK] Respuesta: {"codResponse":"00","msjResponse":"TRANSACCIÓN OK"}
[2023-08-06 21:10:03] [OK] ..:save_score:..
[2023-08-06 21:10:03] [OK] Inicio de operación
[2023-08-06 21:10:03] [OK] entrada: null
[2023-08-06 21:10:03] [OK] Respuesta: {"codResponse":"99","msjResponse":"Faltan datos"}
[2023-08-06 21:10:03] [OK] ..:save_score:..
[2023-08-06 21:10:03] [OK] Inicio de operación
[2023-08-06 21:10:03] [OK] entrada: {"id_estudiante":4,"curso":"5","unidad":"unidad 3","juego":"ejercicio2","puntaje":6}
[2023-08-06 21:10:03] [OK] Respuesta: {"codResponse":"00","msjResponse":"TRANSACCIÓN OK"}
[2023-08-06 21:10:23] [OK] ..:save_score:..
[2023-08-06 21:10:23] [OK] Inicio de operación
[2023-08-06 21:10:23] [OK] entrada: null
[2023-08-06 21:10:23] [OK] Respuesta: {"codResponse":"99","msjResponse":"Faltan datos"}
[2023-08-06 21:10:23] [OK] ..:save_score:..
[2023-08-06 21:10:23] [OK] Inicio de operación
[2023-08-06 21:10:23] [OK] entrada: {"id_estudiante":4,"curso":"5","unidad":"unidad 3","juego":"ejercicio2","puntaje":6}
[2023-08-06 21:10:23] [OK] Respuesta: {"codResponse":"00","msjResponse":"TRANSACCIÓN OK"}
[2023-08-06 21:10:44] [OK] ..:save_score:..
[2023-08-06 21:10:44] [OK] Inicio de operación
[2023-08-06 21:10:44] [OK] entrada: null
[2023-08-06 21:10:44] [OK] Respuesta: {"codResponse":"99","msjResponse":"Faltan datos"}
[2023-08-06 21:10:44] [OK] ..:save_score:..
[2023-08-06 21:10:44] [OK] Inicio de operación
[2023-08-06 21:10:44] [OK] entrada: {"id_estudiante":4,"curso":"5","unidad":"unidad 3","juego":"ejercicio2","puntaje":6}
[2023-08-06 21:10:44] [OK] Respuesta: {"codResponse":"00","msjResponse":"TRANSACCIÓN OK"}
[2023-08-06 21:12:50] [OK] ..:validar_usuario:..
[2023-08-06 21:12:50] [OK] Inicio de operacion op: consulta dealumno
[2023-08-06 21:21:32] [OK] ..:save_score:..
[2023-08-06 21:21:32] [OK] Inicio de operación
[2023-08-06 21:21:32] [OK] entrada: null
[2023-08-06 21:21:32] [OK] Respuesta: {"codResponse":"99","msjResponse":"Faltan datos"}
[2023-08-06 21:21:32] [OK] ..:save_score:..
[2023-08-06 21:21:32] [OK] Inicio de operación
[2023-08-06 21:21:32] [OK] entrada: {"id_estudiante":4,"curso":"5","unidad":"unidad 4","juego":"ejercicio2","puntaje":20}
[2023-08-06 21:21:32] [OK] Respuesta: {"codResponse":"00","msjResponse":"TRANSACCIÓN OK"}
[2023-08-06 21:21:39] [OK] ..:save_score:..
[2023-08-06 21:21:39] [OK] Inicio de operación
[2023-08-06 21:21:39] [OK] entrada: null
[2023-08-06 21:21:39] [OK] Respuesta: {"codResponse":"99","msjResponse":"Faltan datos"}
[2023-08-06 21:21:39] [OK] ..:save_score:..
[2023-08-06 21:21:39] [OK] Inicio de operación
[2023-08-06 21:21:39] [OK] entrada: {"id_estudiante":4,"curso":"5","unidad":"unidad 4","juego":"ejercicio2","puntaje":18}
[2023-08-06 21:21:39] [OK] Respuesta: {"codResponse":"00","msjResponse":"TRANSACCIÓN OK"}
[2023-08-06 23:54:21] [OK] ..:save_score:..
[2023-08-06 23:54:21] [OK] Inicio de operación
[2023-08-06 23:54:21] [OK] entrada: null
[2023-08-06 23:54:21] [OK] Respuesta: {"codResponse":"99","msjResponse":"Faltan datos"}
[2023-08-06 23:54:21] [OK] ..:save_score:..
[2023-08-06 23:54:21] [OK] Inicio de operación
[2023-08-06 23:54:21] [OK] entrada: {"id_estudiante":4,"curso":"5","unidad":"unidad 1","juego":"ordenar_relatos","puntaje":0}
[2023-08-06 23:54:21] [OK] Respuesta: {"codResponse":"00","msjResponse":"TRANSACCIÓN OK"}
[2023-08-06 23:55:01] [OK] ..:save_score:..
[2023-08-06 23:55:01] [OK] Inicio de operación
[2023-08-06 23:55:01] [OK] entrada: null
[2023-08-06 23:55:01] [OK] Respuesta: {"codResponse":"99","msjResponse":"Faltan datos"}
[2023-08-06 23:55:01] [OK] ..:save_score:..
[2023-08-06 23:55:01] [OK] Inicio de operación
[2023-08-06 23:55:01] [OK] entrada: {"id_estudiante":4,"curso":"5","unidad":"unidad 1","juego":"ordenar_relatos","puntaje":2}
[2023-08-06 23:55:01] [OK] Respuesta: {"codResponse":"00","msjResponse":"TRANSACCIÓN OK"}
[2023-08-06 23:58:53] [OK] ..:validar_usuario:..
[2023-08-06 23:58:53] [OK] Inicio de operacion op: consulta dealumno
[2023-08-06 23:59:02] [OK] ..:save_score:..
[2023-08-06 23:59:02] [OK] Inicio de operación
[2023-08-06 23:59:02] [OK] entrada: {"id_estudiante":"89","curso":"5","unidad":"unidad 1","juego":"punto_coma","puntaje":30}
[2023-08-06 23:59:02] [OK] Respuesta: {"codResponse":"00","msjResponse":"TRANSACCIÓN OK"}
[2023-08-06 23:59:09] [OK] ..:save_score:..
[2023-08-06 23:59:09] [OK] Inicio de operación
[2023-08-06 23:59:09] [OK] entrada: {"id_estudiante":"89","curso":"5","unidad":"unidad 1","juego":"punto_coma","puntaje":30}
[2023-08-06 23:59:09] [OK] Respuesta: {"codResponse":"00","msjResponse":"TRANSACCIÓN OK"}
