[2023-07-19 04:50:39] [OK] ..:save_score:..
[2023-07-19 04:50:39] [OK] Inicio de operación
[2023-07-19 04:50:39] [OK] ..:save_score:..
[2023-07-19 04:50:39] [OK] Inicio de operación
[2023-07-19 04:51:24] [OK] ..:save_score:..
[2023-07-19 04:51:24] [OK] Inicio de operación
[2023-07-19 04:51:24] [OK] entrada: null
[2023-07-19 04:51:24] [OK] Respuesta: {"codResponse":"99","msjResponse":"Faltan datos"}
[2023-07-19 04:51:24] [OK] ..:save_score:..
[2023-07-19 04:51:24] [OK] Inicio de operación
[2023-07-19 04:51:24] [OK] entrada: {"id_estudiante":999,"curso":"5","unidad":"unidad 1","juego":"punto_coma","puntaje":30}
[2023-07-19 04:51:24] [OK] Respuesta: {"codResponse":"00","msjResponse":"TRANSACCIÓN OK"}
[2023-07-19 04:56:17] [OK] ..:save_score:..
[2023-07-19 04:56:17] [OK] Inicio de operación
[2023-07-19 04:56:17] [OK] entrada: null
[2023-07-19 04:56:17] [OK] Respuesta: {"codResponse":"99","msjResponse":"Faltan datos"}
[2023-07-19 04:56:17] [OK] ..:save_score:..
[2023-07-19 04:56:17] [OK] Inicio de operación
[2023-07-19 04:56:17] [OK] entrada: {"curso":"Matem\u00e1ticas","unidad":"Unidad 1","juego":"Ahorcado","puntaje":5}
[2023-07-19 04:56:17] [OK] Respuesta: {"codResponse":"99","msjResponse":"Faltan datos"}
[2023-07-19 04:56:26] [OK] ..:save_score:..
[2023-07-19 04:56:26] [OK] Inicio de operación
[2023-07-19 04:56:26] [OK] entrada: null
[2023-07-19 04:56:26] [OK] Respuesta: {"codResponse":"99","msjResponse":"Faltan datos"}
[2023-07-19 04:56:26] [OK] ..:save_score:..
[2023-07-19 04:56:26] [OK] Inicio de operación
[2023-07-19 04:56:26] [OK] entrada: {"curso":"Matem\u00e1ticas","unidad":"Unidad 1","juego":"Ahorcado","puntaje":5}
[2023-07-19 04:56:26] [OK] Respuesta: {"codResponse":"99","msjResponse":"Faltan datos"}
[2023-07-19 04:59:14] [OK] ..:save_score:..
[2023-07-19 04:59:14] [OK] Inicio de operación
[2023-07-19 04:59:14] [OK] entrada: null
[2023-07-19 04:59:14] [OK] Respuesta: {"codResponse":"99","msjResponse":"Faltan datos"}
[2023-07-19 04:59:14] [OK] ..:save_score:..
[2023-07-19 04:59:14] [OK] Inicio de operación
[2023-07-19 04:59:14] [OK] entrada: {"id_estudiante":999,"curso":"5","unidad":"unidad 2","juego":"leyenda","puntaje":5}
[2023-07-19 04:59:14] [OK] Respuesta: {"codResponse":"00","msjResponse":"TRANSACCIÓN OK"}
[2023-07-19 05:10:33] [OK] ..:save_score:..
[2023-07-19 05:10:33] [OK] Inicio de operación
[2023-07-19 05:10:33] [OK] entrada: null
[2023-07-19 05:10:33] [OK] Respuesta: {"codResponse":"99","msjResponse":"Faltan datos"}
[2023-07-19 05:23:05] [OK] ..:save_score:..
[2023-07-19 05:23:05] [OK] Inicio de operación
[2023-07-19 05:23:05] [OK] entrada: null
[2023-07-19 05:23:05] [OK] Respuesta: {"codResponse":"99","msjResponse":"Faltan datos"}
[2023-07-19 05:23:05] [OK] ..:save_score:..
[2023-07-19 05:23:05] [OK] Inicio de operación
[2023-07-19 05:23:05] [OK] entrada: {"id_estudiante":999,"curso":"5","unidad":"unidad 2","juego":"seleccione_palabra_correcta","puntaje":0}
[2023-07-19 05:23:05] [OK] Respuesta: {"codResponse":"00","msjResponse":"TRANSACCIÓN OK"}
[2023-07-19 05:23:13] [OK] ..:save_score:..
[2023-07-19 05:23:13] [OK] Inicio de operación
[2023-07-19 05:23:13] [OK] entrada: null
[2023-07-19 05:23:13] [OK] Respuesta: {"codResponse":"99","msjResponse":"Faltan datos"}
[2023-07-19 05:23:13] [OK] ..:save_score:..
[2023-07-19 05:23:13] [OK] Inicio de operación
[2023-07-19 05:23:13] [OK] entrada: {"id_estudiante":999,"curso":"5","unidad":"unidad 2","juego":"seleccione_palabra_correcta","puntaje":0}
[2023-07-19 05:23:13] [OK] Respuesta: {"codResponse":"00","msjResponse":"TRANSACCIÓN OK"}
[2023-07-19 05:24:27] [OK] ..:save_score:..
[2023-07-19 05:24:27] [OK] Inicio de operación
[2023-07-19 05:24:27] [OK] entrada: null
[2023-07-19 05:24:27] [OK] Respuesta: {"codResponse":"99","msjResponse":"Faltan datos"}
[2023-07-19 05:24:27] [OK] ..:save_score:..
[2023-07-19 05:24:27] [OK] Inicio de operación
[2023-07-19 05:24:27] [OK] entrada: {"id_estudiante":999,"curso":"5","unidad":"unidad 2","juego":"seleccione_palabra_correcta","puntaje":10}
[2023-07-19 05:24:27] [OK] Respuesta: {"codResponse":"00","msjResponse":"TRANSACCIÓN OK"}
[2023-07-19 05:24:29] [OK] ..:save_score:..
[2023-07-19 05:24:29] [OK] Inicio de operación
[2023-07-19 05:24:29] [OK] entrada: null
[2023-07-19 05:24:29] [OK] Respuesta: {"codResponse":"99","msjResponse":"Faltan datos"}
[2023-07-19 05:24:29] [OK] ..:save_score:..
[2023-07-19 05:24:29] [OK] Inicio de operación
[2023-07-19 05:24:29] [OK] entrada: {"id_estudiante":999,"curso":"5","unidad":"unidad 2","juego":"seleccione_palabra_correcta","puntaje":10}
[2023-07-19 05:24:29] [OK] Respuesta: {"codResponse":"00","msjResponse":"TRANSACCIÓN OK"}
[2023-07-19 05:24:30] [OK] ..:save_score:..
[2023-07-19 05:24:30] [OK] Inicio de operación
[2023-07-19 05:24:30] [OK] entrada: null
[2023-07-19 05:24:30] [OK] Respuesta: {"codResponse":"99","msjResponse":"Faltan datos"}
[2023-07-19 05:24:30] [OK] ..:save_score:..
[2023-07-19 05:24:30] [OK] Inicio de operación
[2023-07-19 05:24:30] [OK] entrada: {"id_estudiante":999,"curso":"5","unidad":"unidad 2","juego":"seleccione_palabra_correcta","puntaje":10}
[2023-07-19 05:24:30] [OK] Respuesta: {"codResponse":"00","msjResponse":"TRANSACCIÓN OK"}
[2023-07-19 05:24:31] [OK] ..:save_score:..
[2023-07-19 05:24:31] [OK] Inicio de operación
[2023-07-19 05:24:31] [OK] entrada: null
[2023-07-19 05:24:31] [OK] Respuesta: {"codResponse":"99","msjResponse":"Faltan datos"}
[2023-07-19 05:24:31] [OK] ..:save_score:..
[2023-07-19 05:24:31] [OK] Inicio de operación
[2023-07-19 05:24:31] [OK] entrada: {"id_estudiante":999,"curso":"5","unidad":"unidad 2","juego":"seleccione_palabra_correcta","puntaje":10}
[2023-07-19 05:24:31] [OK] Respuesta: {"codResponse":"00","msjResponse":"TRANSACCIÓN OK"}
[2023-07-19 05:30:22] [OK] ..:save_score:..
[2023-07-19 05:30:22] [OK] Inicio de operación
[2023-07-19 05:30:22] [OK] entrada: null
[2023-07-19 05:30:22] [OK] Respuesta: {"codResponse":"99","msjResponse":"Faltan datos"}
[2023-07-19 05:30:22] [OK] ..:save_score:..
[2023-07-19 05:30:22] [OK] Inicio de operación
[2023-07-19 05:30:22] [OK] entrada: {"id_estudiante":999,"curso":"5","unidad":"unidad 2","juego":"seleccione_palabra_correcta","puntaje":10}
[2023-07-19 05:30:22] [OK] Respuesta: {"codResponse":"00","msjResponse":"TRANSACCIÓN OK"}
[2023-07-19 05:31:39] [OK] ..:save_score:..
[2023-07-19 05:31:39] [OK] Inicio de operación
[2023-07-19 05:31:39] [OK] entrada: null
[2023-07-19 05:31:39] [OK] Respuesta: {"codResponse":"99","msjResponse":"Faltan datos"}
[2023-07-19 05:31:39] [OK] ..:save_score:..
[2023-07-19 05:31:39] [OK] Inicio de operación
[2023-07-19 05:31:39] [OK] entrada: {"id_estudiante":999,"curso":"5","unidad":"unidad 2","juego":"seleccione_palabra_correcta","puntaje":10}
[2023-07-19 05:31:39] [OK] Respuesta: {"codResponse":"00","msjResponse":"TRANSACCIÓN OK"}
[2023-07-19 05:54:38] [OK] ..:save_score:..
[2023-07-19 05:54:38] [OK] Inicio de operación
[2023-07-19 05:54:38] [OK] entrada: null
[2023-07-19 05:54:38] [OK] Respuesta: {"codResponse":"99","msjResponse":"Faltan datos"}
[2023-07-19 05:54:38] [OK] ..:save_score:..
[2023-07-19 05:54:38] [OK] Inicio de operación
[2023-07-19 05:54:38] [OK] entrada: {"id_estudiante":999,"curso":"5","unidad":"unidad 2","juego":"seleccione_palabra_correcta","puntaje":0}
[2023-07-19 05:54:38] [OK] Respuesta: {"codResponse":"00","msjResponse":"TRANSACCIÓN OK"}
[2023-07-19 05:54:54] [OK] ..:save_score:..
[2023-07-19 05:54:54] [OK] Inicio de operación
[2023-07-19 05:54:54] [OK] entrada: null
[2023-07-19 05:54:54] [OK] Respuesta: {"codResponse":"99","msjResponse":"Faltan datos"}
[2023-07-19 05:54:54] [OK] ..:save_score:..
[2023-07-19 05:54:54] [OK] Inicio de operación
[2023-07-19 05:54:54] [OK] entrada: {"id_estudiante":999,"curso":"5","unidad":"unidad 2","juego":"seleccione_palabra_correcta","puntaje":0}
[2023-07-19 05:54:54] [OK] Respuesta: {"codResponse":"00","msjResponse":"TRANSACCIÓN OK"}
[2023-07-19 05:54:59] [OK] ..:save_score:..
[2023-07-19 05:54:59] [OK] Inicio de operación
[2023-07-19 05:54:59] [OK] entrada: null
[2023-07-19 05:54:59] [OK] Respuesta: {"codResponse":"99","msjResponse":"Faltan datos"}
[2023-07-19 05:54:59] [OK] ..:save_score:..
[2023-07-19 05:54:59] [OK] Inicio de operación
[2023-07-19 05:54:59] [OK] entrada: {"id_estudiante":999,"curso":"5","unidad":"unidad 2","juego":"seleccione_palabra_correcta","puntaje":5}
[2023-07-19 05:54:59] [OK] Respuesta: {"codResponse":"00","msjResponse":"TRANSACCIÓN OK"}
[2023-07-19 05:55:02] [OK] ..:save_score:..
[2023-07-19 05:55:02] [OK] Inicio de operación
[2023-07-19 05:55:02] [OK] entrada: null
[2023-07-19 05:55:02] [OK] Respuesta: {"codResponse":"99","msjResponse":"Faltan datos"}
[2023-07-19 05:55:02] [OK] ..:save_score:..
[2023-07-19 05:55:02] [OK] Inicio de operación
[2023-07-19 05:55:02] [OK] entrada: {"id_estudiante":999,"curso":"5","unidad":"unidad 2","juego":"seleccione_palabra_correcta","puntaje":5}
[2023-07-19 05:55:02] [OK] Respuesta: {"codResponse":"00","msjResponse":"TRANSACCIÓN OK"}
[2023-07-19 05:55:04] [OK] ..:save_score:..
[2023-07-19 05:55:04] [OK] Inicio de operación
[2023-07-19 05:55:04] [OK] entrada: null
[2023-07-19 05:55:04] [OK] Respuesta: {"codResponse":"99","msjResponse":"Faltan datos"}
[2023-07-19 05:55:04] [OK] ..:save_score:..
[2023-07-19 05:55:04] [OK] Inicio de operación
[2023-07-19 05:55:04] [OK] entrada: {"id_estudiante":999,"curso":"5","unidad":"unidad 2","juego":"seleccione_palabra_correcta","puntaje":5}
[2023-07-19 05:55:04] [OK] Respuesta: {"codResponse":"00","msjResponse":"TRANSACCIÓN OK"}
[2023-07-19 05:55:08] [OK] ..:save_score:..
[2023-07-19 05:55:08] [OK] Inicio de operación
[2023-07-19 05:55:08] [OK] entrada: null
[2023-07-19 05:55:08] [OK] Respuesta: {"codResponse":"99","msjResponse":"Faltan datos"}
[2023-07-19 05:55:08] [OK] ..:save_score:..
[2023-07-19 05:55:08] [OK] Inicio de operación
[2023-07-19 05:55:08] [OK] entrada: {"id_estudiante":999,"curso":"5","unidad":"unidad 2","juego":"seleccione_palabra_correcta","puntaje":25}
[2023-07-19 05:55:08] [OK] Respuesta: {"codResponse":"00","msjResponse":"TRANSACCIÓN OK"}
[2023-07-19 05:55:12] [OK] ..:save_score:..
[2023-07-19 05:55:12] [OK] Inicio de operación
[2023-07-19 05:55:12] [OK] entrada: null
[2023-07-19 05:55:12] [OK] Respuesta: {"codResponse":"99","msjResponse":"Faltan datos"}
[2023-07-19 05:55:12] [OK] ..:save_score:..
[2023-07-19 05:55:12] [OK] Inicio de operación
[2023-07-19 05:55:12] [OK] entrada: {"id_estudiante":999,"curso":"5","unidad":"unidad 2","juego":"seleccione_palabra_correcta","puntaje":30}
[2023-07-19 05:55:12] [OK] Respuesta: {"codResponse":"00","msjResponse":"TRANSACCIÓN OK"}
[2023-07-19 05:55:16] [OK] ..:save_score:..
[2023-07-19 05:55:16] [OK] Inicio de operación
[2023-07-19 05:55:16] [OK] entrada: null
[2023-07-19 05:55:16] [OK] Respuesta: {"codResponse":"99","msjResponse":"Faltan datos"}
[2023-07-19 05:55:16] [OK] ..:save_score:..
[2023-07-19 05:55:16] [OK] Inicio de operación
[2023-07-19 05:55:16] [OK] entrada: {"id_estudiante":999,"curso":"5","unidad":"unidad 2","juego":"seleccione_palabra_correcta","puntaje":30}
[2023-07-19 05:55:16] [OK] Respuesta: {"codResponse":"00","msjResponse":"TRANSACCIÓN OK"}
