[2023-08-07 00:10:59] [OK] ..:validar_usuario:..
[2023-08-07 00:10:59] [OK] Inicio de operacion op: consulta dealumno
[2023-08-07 00:13:33] [OK] ..:validar_usuario:..
[2023-08-07 00:13:33] [OK] Inicio de operacion op: consulta dealumno
[2023-08-07 00:13:38] [OK] ..:save_score:..
[2023-08-07 00:13:38] [OK] Inicio de operación
[2023-08-07 00:13:38] [OK] entrada: {"id_estudiante":4,"curso":"5","unidad":"unidad 1","juego":"ordenar_relatos","puntaje":2}
[2023-08-07 00:13:38] [OK] Respuesta: {"codResponse":"00","msjResponse":"TRANSACCIÓN OK"}
[2023-08-07 00:13:43] [OK] ..:save_score:..
[2023-08-07 00:13:43] [OK] Inicio de operación
[2023-08-07 00:13:43] [OK] entrada: {"id_estudiante":"89","curso":"5","unidad":"unidad 1","juego":"punto_coma","puntaje":30}
[2023-08-07 00:13:43] [OK] Respuesta: {"codResponse":"00","msjResponse":"TRANSACCIÓN OK"}
[2023-08-07 00:14:11] [OK] ..:validar_usuario:..
[2023-08-07 00:14:11] [OK] Inicio de operacion op: consulta deprofesor
[2023-08-07 00:14:44] [OK] ..:cons_estudiantes:..
[2023-08-07 00:14:44] [OK] Estudiante por curso: 2
[2023-08-07 00:14:44] [OK] respuesta ok: 2
[2023-08-07 00:14:44] [OK] ..:cons_estudiantes:..
[2023-08-07 00:14:44] [OK] Estudiante por curso: 2
[2023-08-07 00:14:44] [OK] respuesta ok: 2
[2023-08-07 00:14:52] [OK] ..:cons_estudiantes:..
[2023-08-07 00:14:52] [OK] Estudiante por curso: 2
[2023-08-07 00:14:52] [OK] respuesta ok: 2
[2023-08-07 00:14:52] [OK] ..:cons_estudiantes:..
[2023-08-07 00:14:52] [OK] Estudiante por curso: 2
[2023-08-07 00:14:52] [OK] respuesta ok: 2
[2023-08-07 00:14:58] [OK] ..:cons_estudiantes:..
[2023-08-07 00:14:58] [OK] Estudiante por curso: 7
[2023-08-07 00:14:58] [OK] respuesta ok: 7
[2023-08-07 00:14:58] [OK] ..:cons_estudiantes:..
[2023-08-07 00:14:58] [OK] Estudiante por curso: 7
[2023-08-07 00:14:58] [OK] respuesta ok: 7
[2023-08-07 00:14:59] [OK] ..:cons_estudiantes:..
[2023-08-07 00:14:59] [OK] Estudiante por curso: 8
[2023-08-07 00:14:59] [OK] respuesta ok: 8
[2023-08-07 00:14:59] [OK] ..:cons_estudiantes:..
[2023-08-07 00:14:59] [OK] Estudiante por curso: 8
[2023-08-07 00:14:59] [OK] respuesta ok: 8
[2023-08-07 00:15:01] [OK] ..:cons_estudiantes:..
[2023-08-07 00:15:01] [OK] Estudiante por curso: 7
[2023-08-07 00:15:01] [OK] respuesta ok: 7
[2023-08-07 00:15:01] [OK] ..:cons_estudiantes:..
[2023-08-07 00:15:01] [OK] Estudiante por curso: 7
[2023-08-07 00:15:01] [OK] respuesta ok: 7
[2023-08-07 00:15:03] [OK] ..:cons_estudiantes:..
[2023-08-07 00:15:03] [OK] Estudiante por curso: 2
[2023-08-07 00:15:03] [OK] respuesta ok: 2
[2023-08-07 00:15:03] [OK] ..:cons_estudiantes:..
[2023-08-07 00:15:03] [OK] Estudiante por curso: 2
[2023-08-07 00:15:03] [OK] respuesta ok: 2
[2023-08-07 00:15:06] [OK] ..:cons_estudiantes:..
[2023-08-07 00:15:06] [OK] Estudiante por curso: 2
[2023-08-07 00:15:06] [OK] respuesta ok: 2
[2023-08-07 00:15:06] [OK] ..:cons_estudiantes:..
[2023-08-07 00:15:06] [OK] Estudiante por curso: 2
[2023-08-07 00:15:06] [OK] respuesta ok: 2
[2023-08-07 00:15:10] [OK] ..:cons_estudiantes:..
[2023-08-07 00:15:10] [OK] Estudiante por curso: 2
[2023-08-07 00:15:10] [OK] respuesta ok: 2
[2023-08-07 00:15:10] [OK] ..:cons_estudiantes:..
[2023-08-07 00:15:10] [OK] Estudiante por curso: 2
[2023-08-07 00:15:10] [OK] respuesta ok: 2
[2023-08-07 00:15:12] [OK] ..:cons_estudiantes:..
[2023-08-07 00:15:12] [OK] Estudiante por curso: 2
[2023-08-07 00:15:12] [OK] respuesta ok: 2
[2023-08-07 00:15:12] [OK] ..:cons_estudiantes:..
[2023-08-07 00:15:12] [OK] Estudiante por curso: 2
[2023-08-07 00:15:12] [OK] respuesta ok: 2
[2023-08-07 00:21:19] [OK] ..:validar_usuario:..
[2023-08-07 00:21:19] [OK] Inicio de operacion op: consulta deprofesor
[2023-08-07 00:21:30] [OK] ..:validar_usuario:..
[2023-08-07 00:21:30] [OK] Inicio de operacion op: consulta deprofesor
[2023-08-07 00:21:34] [OK] ..:cons_estudiantes:..
[2023-08-07 00:21:34] [OK] Estudiante por curso: 2
[2023-08-07 00:21:34] [OK] respuesta ok: 2
[2023-08-07 00:21:54] [OK] ..:cons_estudiantes:..
[2023-08-07 00:21:54] [OK] Estudiante por curso: 2
[2023-08-07 00:21:54] [OK] respuesta ok: 2
[2023-08-07 00:29:52] [OK] ..:save_score:..
[2023-08-07 00:29:52] [OK] Inicio de operación
[2023-08-07 00:29:52] [OK] entrada: null
[2023-08-07 00:29:52] [OK] Respuesta: {"codResponse":"99","msjResponse":"Faltan datos"}
[2023-08-07 00:29:52] [OK] ..:save_score:..
[2023-08-07 00:29:52] [OK] Inicio de operación
[2023-08-07 00:29:52] [OK] entrada: {"id_estudiante":999,"curso":"5","unidad":"unidad 1","juego":"punto_coma","puntaje":4.615384615384616}
[2023-08-07 00:29:52] [OK] Respuesta: {"codResponse":"00","msjResponse":"TRANSACCIÓN OK"}
[2023-08-07 00:30:09] [OK] ..:save_score:..
[2023-08-07 00:30:09] [OK] Inicio de operación
[2023-08-07 00:30:09] [OK] entrada: null
[2023-08-07 00:30:09] [OK] Respuesta: {"codResponse":"99","msjResponse":"Faltan datos"}
[2023-08-07 00:30:09] [OK] ..:save_score:..
[2023-08-07 00:30:09] [OK] Inicio de operación
[2023-08-07 00:30:09] [OK] entrada: {"id_estudiante":999,"curso":"5","unidad":"unidad 1","juego":"punto_coma","puntaje":10.000000000000002}
[2023-08-07 00:30:09] [OK] Respuesta: {"codResponse":"00","msjResponse":"TRANSACCIÓN OK"}
[2023-08-07 00:31:52] [OK] ..:save_score:..
[2023-08-07 00:31:52] [OK] Inicio de operación
[2023-08-07 00:31:52] [OK] entrada: null
[2023-08-07 00:31:52] [OK] Respuesta: {"codResponse":"99","msjResponse":"Faltan datos"}
[2023-08-07 00:31:52] [OK] ..:save_score:..
[2023-08-07 00:31:52] [OK] Inicio de operación
[2023-08-07 00:31:52] [OK] entrada: {"id_estudiante":999,"curso":"5","unidad":"unidad 1","juego":"punto_coma","puntaje":4.615384615384616}
[2023-08-07 00:31:52] [OK] Respuesta: {"codResponse":"00","msjResponse":"TRANSACCIÓN OK"}
[2023-08-07 00:32:04] [OK] ..:save_score:..
[2023-08-07 00:32:04] [OK] Inicio de operación
[2023-08-07 00:32:04] [OK] entrada: null
[2023-08-07 00:32:04] [OK] Respuesta: {"codResponse":"99","msjResponse":"Faltan datos"}
[2023-08-07 00:32:04] [OK] ..:save_score:..
[2023-08-07 00:32:04] [OK] Inicio de operación
[2023-08-07 00:32:04] [OK] entrada: {"id_estudiante":999,"curso":"5","unidad":"unidad 1","juego":"punto_coma","puntaje":10.000000000000002}
[2023-08-07 00:32:04] [OK] Respuesta: {"codResponse":"00","msjResponse":"TRANSACCIÓN OK"}
[2023-08-07 00:32:25] [OK] ..:save_score:..
[2023-08-07 00:32:25] [OK] Inicio de operación
[2023-08-07 00:32:25] [OK] entrada: null
[2023-08-07 00:32:25] [OK] Respuesta: {"codResponse":"99","msjResponse":"Faltan datos"}
[2023-08-07 00:32:25] [OK] ..:save_score:..
[2023-08-07 00:32:25] [OK] Inicio de operación
[2023-08-07 00:32:25] [OK] entrada: {"id_estudiante":999,"curso":"5","unidad":"unidad 1","juego":"punto_coma","puntaje":10.000000000000002}
[2023-08-07 00:32:25] [OK] Respuesta: {"codResponse":"00","msjResponse":"TRANSACCIÓN OK"}
[2023-08-07 00:32:39] [OK] ..:save_score:..
[2023-08-07 00:32:39] [OK] Inicio de operación
[2023-08-07 00:32:39] [OK] entrada: null
[2023-08-07 00:32:39] [OK] Respuesta: {"codResponse":"99","msjResponse":"Faltan datos"}
[2023-08-07 00:32:39] [OK] ..:save_score:..
[2023-08-07 00:32:39] [OK] Inicio de operación
[2023-08-07 00:32:39] [OK] entrada: {"id_estudiante":999,"curso":"5","unidad":"unidad 1","juego":"punto_coma","puntaje":10.000000000000002}
[2023-08-07 00:32:39] [OK] Respuesta: {"codResponse":"00","msjResponse":"TRANSACCIÓN OK"}
[2023-08-07 00:58:51] [OK] ..:validar_usuario:..
[2023-08-07 00:58:51] [OK] Inicio de operacion op: consulta dealumno
[2023-08-07 01:27:23] [OK] ..:cons_estudiantes:..
[2023-08-07 01:27:23] [OK] Estudiante por curso: 2
[2023-08-07 01:27:23] [OK] respuesta ok: 2
[2023-08-07 01:27:24] [OK] ..:cons_estudiantes:..
[2023-08-07 01:27:24] [OK] Estudiante por curso: 2
[2023-08-07 01:27:24] [OK] respuesta ok: 2
[2023-08-07 01:27:27] [OK] ..:cons_estudiantes:..
[2023-08-07 01:27:27] [OK] Estudiante por curso: 2
[2023-08-07 01:27:27] [OK] respuesta ok: 2
[2023-08-07 01:27:27] [OK] ..:cons_estudiantes:..
[2023-08-07 01:27:27] [OK] Estudiante por curso: 2
[2023-08-07 01:27:27] [OK] respuesta ok: 2
[2023-08-07 01:27:29] [OK] ..:cons_estudiantes:..
[2023-08-07 01:27:29] [OK] Estudiante por curso: 2
[2023-08-07 01:27:29] [OK] respuesta ok: 2
[2023-08-07 01:27:29] [OK] ..:cons_estudiantes:..
[2023-08-07 01:27:29] [OK] Estudiante por curso: 2
[2023-08-07 01:27:29] [OK] respuesta ok: 2
[2023-08-07 01:27:31] [OK] ..:cons_estudiantes:..
[2023-08-07 01:27:31] [OK] Estudiante por curso: 2
[2023-08-07 01:27:31] [OK] respuesta ok: 2
[2023-08-07 01:27:31] [OK] ..:cons_estudiantes:..
[2023-08-07 01:27:31] [OK] Estudiante por curso: 2
[2023-08-07 01:27:31] [OK] respuesta ok: 2
[2023-08-07 01:27:33] [OK] ..:cons_estudiantes:..
[2023-08-07 01:27:33] [OK] Estudiante por curso: 2
[2023-08-07 01:27:33] [OK] respuesta ok: 2
[2023-08-07 01:27:33] [OK] ..:cons_estudiantes:..
[2023-08-07 01:27:33] [OK] Estudiante por curso: 2
[2023-08-07 01:27:33] [OK] respuesta ok: 2
[2023-08-07 01:30:42] [OK] ..:cons_estudiantes:..
[2023-08-07 01:30:42] [OK] Estudiante por curso: 2
[2023-08-07 01:30:42] [OK] respuesta ok: 2
[2023-08-07 01:30:42] [OK] ..:cons_estudiantes:..
[2023-08-07 01:30:42] [OK] Estudiante por curso: 2
[2023-08-07 01:30:42] [OK] respuesta ok: 2
[2023-08-07 01:30:44] [OK] ..:cons_estudiantes:..
[2023-08-07 01:30:44] [OK] Estudiante por curso: 2
[2023-08-07 01:30:44] [OK] respuesta ok: 2
[2023-08-07 01:30:44] [OK] ..:cons_estudiantes:..
[2023-08-07 01:30:44] [OK] Estudiante por curso: 2
[2023-08-07 01:30:44] [OK] respuesta ok: 2
[2023-08-07 01:30:45] [OK] ..:cons_estudiantes:..
[2023-08-07 01:30:45] [OK] Estudiante por curso: 2
[2023-08-07 01:30:45] [OK] respuesta ok: 2
[2023-08-07 01:30:45] [OK] ..:cons_estudiantes:..
[2023-08-07 01:30:45] [OK] Estudiante por curso: 2
[2023-08-07 01:30:45] [OK] respuesta ok: 2
[2023-08-07 01:30:46] [OK] ..:cons_estudiantes:..
[2023-08-07 01:30:46] [OK] Estudiante por curso: 2
[2023-08-07 01:30:46] [OK] respuesta ok: 2
[2023-08-07 01:30:47] [OK] ..:cons_estudiantes:..
[2023-08-07 01:30:47] [OK] Estudiante por curso: 2
[2023-08-07 01:30:47] [OK] respuesta ok: 2
[2023-08-07 01:30:48] [OK] ..:cons_estudiantes:..
[2023-08-07 01:30:48] [OK] Estudiante por curso: 7
[2023-08-07 01:30:48] [OK] respuesta ok: 7
[2023-08-07 01:30:48] [OK] ..:cons_estudiantes:..
[2023-08-07 01:30:48] [OK] Estudiante por curso: 7
[2023-08-07 01:30:48] [OK] respuesta ok: 7
[2023-08-07 01:30:49] [OK] ..:cons_estudiantes:..
[2023-08-07 01:30:49] [OK] Estudiante por curso: 8
[2023-08-07 01:30:49] [OK] respuesta ok: 8
[2023-08-07 01:30:49] [OK] ..:cons_estudiantes:..
[2023-08-07 01:30:49] [OK] Estudiante por curso: 8
[2023-08-07 01:30:49] [OK] respuesta ok: 8
[2023-08-07 01:30:50] [OK] ..:cons_estudiantes:..
[2023-08-07 01:30:50] [OK] Estudiante por curso: 2
[2023-08-07 01:30:50] [OK] respuesta ok: 2
[2023-08-07 01:30:50] [OK] ..:cons_estudiantes:..
[2023-08-07 01:30:50] [OK] Estudiante por curso: 2
[2023-08-07 01:30:50] [OK] respuesta ok: 2
[2023-08-07 01:31:41] [OK] ..:save_score:..
[2023-08-07 01:31:41] [OK] Inicio de operación
[2023-08-07 01:31:41] [OK] entrada: null
[2023-08-07 01:31:41] [OK] Respuesta: {"codResponse":"99","msjResponse":"Faltan datos"}
[2023-08-07 01:31:42] [OK] ..:save_score:..
[2023-08-07 01:31:42] [OK] Inicio de operación
[2023-08-07 01:31:42] [OK] entrada: {"id_estudiante":4,"curso":"5","unidad":"unidad 1","juego":"ordenar_relatos","puntaje":2}
[2023-08-07 01:31:42] [OK] Respuesta: {"codResponse":"00","msjResponse":"TRANSACCIÓN OK"}
[2023-08-07 01:32:09] [OK] ..:cons_estudiantes:..
[2023-08-07 01:32:09] [OK] Estudiante por curso: 2
[2023-08-07 01:32:09] [OK] respuesta ok: 2
[2023-08-07 01:32:09] [OK] ..:cons_estudiantes:..
[2023-08-07 01:32:09] [OK] Estudiante por curso: 2
[2023-08-07 01:32:09] [OK] respuesta ok: 2
[2023-08-07 01:56:31] [OK] ..:validar_usuario:..
[2023-08-07 01:56:31] [OK] Inicio de operacion op: consulta deprofesor
[2023-08-07 01:56:35] [OK] ..:cons_estudiantes:..
[2023-08-07 01:56:35] [OK] Estudiante por curso: 2
[2023-08-07 01:56:35] [OK] respuesta ok: 2
[2023-08-07 01:56:36] [OK] ..:cons_estudiantes:..
[2023-08-07 01:56:36] [OK] Estudiante por curso: 7
[2023-08-07 01:56:36] [OK] respuesta ok: 7
[2023-08-07 01:56:37] [OK] ..:cons_estudiantes:..
[2023-08-07 01:56:37] [OK] Estudiante por curso: 2
[2023-08-07 01:56:37] [OK] respuesta ok: 2
[2023-08-07 01:56:45] [OK] ..:cons_estudiantes:..
[2023-08-07 01:56:45] [OK] Estudiante por curso: 2
[2023-08-07 01:56:45] [OK] respuesta ok: 2
[2023-08-07 01:56:51] [OK] ..:cons_estudiantes:..
[2023-08-07 01:56:51] [OK] Estudiante por curso: 2
[2023-08-07 01:56:51] [OK] respuesta ok: 2
[2023-08-07 01:56:55] [OK] ..:cons_estudiantes:..
[2023-08-07 01:56:55] [OK] Estudiante por curso: 2
[2023-08-07 01:56:55] [OK] respuesta ok: 2
[2023-08-07 01:56:56] [OK] ..:cons_estudiantes:..
[2023-08-07 01:56:56] [OK] Estudiante por curso: 2
[2023-08-07 01:56:56] [OK] respuesta ok: 2
[2023-08-07 01:56:58] [OK] ..:cons_estudiantes:..
[2023-08-07 01:56:58] [OK] Estudiante por curso: 2
[2023-08-07 01:56:58] [OK] respuesta ok: 2
[2023-08-07 01:56:58] [OK] ..:cons_estudiantes:..
[2023-08-07 01:56:58] [OK] Estudiante por curso: 7
[2023-08-07 01:56:58] [OK] respuesta ok: 7
[2023-08-07 01:56:59] [OK] ..:cons_estudiantes:..
[2023-08-07 01:56:59] [OK] Estudiante por curso: 7
[2023-08-07 01:56:59] [OK] respuesta ok: 7
[2023-08-07 01:57:00] [OK] ..:cons_estudiantes:..
[2023-08-07 01:57:00] [OK] Estudiante por curso: 8
[2023-08-07 01:57:00] [OK] respuesta ok: 8
[2023-08-07 01:57:01] [OK] ..:cons_estudiantes:..
[2023-08-07 01:57:01] [OK] Estudiante por curso: 8
[2023-08-07 01:57:01] [OK] respuesta ok: 8
[2023-08-07 01:57:03] [OK] ..:cons_estudiantes:..
[2023-08-07 01:57:03] [OK] Estudiante por curso: 8
[2023-08-07 01:57:03] [OK] respuesta ok: 8
[2023-08-07 01:57:03] [OK] ..:cons_estudiantes:..
[2023-08-07 01:57:03] [OK] Estudiante por curso: 2
[2023-08-07 01:57:03] [OK] respuesta ok: 2
[2023-08-07 01:57:07] [OK] ..:cons_estudiantes:..
[2023-08-07 01:57:07] [OK] Estudiante por curso: 2
[2023-08-07 01:57:07] [OK] respuesta ok: 2
[2023-08-07 01:58:14] [OK] ..:crud_cursos:..
[2023-08-07 01:58:14] [OK] Inicio de operacion op: CN
[2023-08-07 01:58:14] [OK] Respuesta: {"codResponse":"00","msjResponse":"TRANSACCIÓN OK","data":[{"ID":"2","ID_PROFESOR":3,"NOMBRE":"Quinto","DESCRIPCION":"CUurso de 5to","ANIO":2023,"ESTADO":"S"},{"ID":"7","ID_PROFESOR":3,"NOMBRE":"Sexto","DESCRIPCION":"Sexto Curso","ANIO":0,"ESTADO":"S"},{"ID":"8","ID_PROFESOR":3,"NOMBRE":"Septimo","DESCRIPCION":"7mo Curso","ANIO":0,"ESTADO":"S"}]}
[2023-08-07 01:58:17] [OK] ..:crud_cursos:..
[2023-08-07 01:58:17] [OK] Inicio de operacion op: CP
[2023-08-07 01:58:17] [OK] Respuesta: {"codResponse":"00","msjResponse":"TRANSACCIÓN OK","data":[{"ID":8,"USUARIO":"usu03","NOMBRES":"Anna Belen","APELLIDOS":"Rui Sala","SEXO":"F"},{"ID":11,"USUARIO":"sexto","NOMBRES":"Ericka Elena","APELLIDOS":"Sexto Vera","SEXO":"M"},{"ID":12,"USUARIO":"septimo","NOMBRES":"Candy Anna","APELLIDOS":"Septimo Gomory","SEXO":"M"}]}
[2023-08-07 01:58:17] [OK] ..:crud_cursos:..
[2023-08-07 01:58:17] [OK] Inicio de operacion op: CPC
[2023-08-07 01:58:17] [OK] Respuesta: {"codResponse":"00","msjResponse":"TRANSACCIÓN OK","data":[{"ID":4,"USUARIO":"alumno","NOMBRES":"Cindy Elizabeth","APELLIDOS":"Pérez Ortiz","SEXO":"F"},{"ID":6,"USUARIO":"jdeep","NOMBRES":"jonnhy ","APELLIDOS":"deep","SEXO":"M"},{"ID":7,"USUARIO":"usu02","NOMBRES":"Moises Armijo","APELLIDOS":"Montero Alai","SEXO":"M"}]}
[2023-08-07 02:07:26] [OK] ..:validar_usuario:..
[2023-08-07 02:07:26] [OK] Inicio de operacion op: consulta dealumno
[2023-08-07 02:08:10] [OK] ..:save_score:..
[2023-08-07 02:08:10] [OK] Inicio de operación
[2023-08-07 02:08:10] [OK] entrada: {"id_estudiante":999,"curso":"5","unidad":"unidad 2","juego":"seleccione_palabra_correcta","puntaje":0}
[2023-08-07 02:08:10] [OK] Respuesta: {"codResponse":"00","msjResponse":"TRANSACCIÓN OK"}
[2023-08-07 02:08:49] [OK] ..:cons_estudiantes:..
[2023-08-07 02:08:49] [OK] Estudiante por curso: 2
[2023-08-07 02:08:49] [OK] respuesta ok: 2
[2023-08-07 02:08:49] [OK] ..:cons_estudiantes:..
[2023-08-07 02:08:49] [OK] Estudiante por curso: 2
[2023-08-07 02:08:49] [OK] respuesta ok: 2
[2023-08-07 02:42:43] [OK] ..:cons_estudiantes:..
[2023-08-07 02:42:43] [OK] Estudiante por curso: 2
[2023-08-07 02:42:43] [OK] respuesta ok: 2
[2023-08-07 02:42:44] [OK] ..:cons_estudiantes:..
[2023-08-07 02:42:44] [OK] Estudiante por curso: 2
[2023-08-07 02:42:44] [OK] respuesta ok: 2
[2023-08-07 02:49:43] [OK] ..:validar_usuario:..
[2023-08-07 02:49:43] [OK] Inicio de operacion op: consulta dealumno
[2023-08-07 02:49:50] [OK] ..:save_score:..
[2023-08-07 02:49:50] [OK] Inicio de operación
[2023-08-07 02:49:50] [OK] entrada: {"id_estudiante":"4","curso":"5","unidad":"unidad 1","juego":"punto_coma","puntaje":4.615384615384616}
[2023-08-07 02:49:50] [OK] Respuesta: {"codResponse":"00","msjResponse":"TRANSACCIÓN OK"}
[2023-08-07 02:50:05] [OK] ..:save_score:..
[2023-08-07 02:50:05] [OK] Inicio de operación
[2023-08-07 02:50:05] [OK] entrada: {"id_estudiante":"4","curso":"5","unidad":"unidad 1","juego":"punto_coma","puntaje":4.615384615384616}
[2023-08-07 02:50:05] [OK] Respuesta: {"codResponse":"00","msjResponse":"TRANSACCIÓN OK"}
[2023-08-07 02:50:09] [OK] ..:save_score:..
[2023-08-07 02:50:09] [OK] Inicio de operación
[2023-08-07 02:50:09] [OK] entrada: {"id_estudiante":"4","curso":"5","unidad":"unidad 1","juego":"punto_coma","puntaje":5.384615384615385}
[2023-08-07 02:50:09] [OK] Respuesta: {"codResponse":"00","msjResponse":"TRANSACCIÓN OK"}
[2023-08-07 02:50:29] [OK] ..:save_score:..
[2023-08-07 02:50:29] [OK] Inicio de operación
[2023-08-07 02:50:29] [OK] entrada: {"id_estudiante":999,"curso":"5","unidad":"unidad 2","juego":"seleccione_palabra_correcta","puntaje":20}
[2023-08-07 02:50:29] [OK] Respuesta: {"codResponse":"00","msjResponse":"TRANSACCIÓN OK"}
[2023-08-07 02:54:35] [OK] ..:validar_usuario:..
[2023-08-07 02:54:35] [OK] Inicio de operacion op: consulta dealumno
[2023-08-07 02:54:47] [OK] ..:save_score:..
[2023-08-07 02:54:47] [OK] Inicio de operación
[2023-08-07 02:54:47] [OK] entrada: {"id_estudiante":"4","curso":"5","unidad":"unidad 2","juego":"seleccione_palabra_correcta","puntaje":20}
[2023-08-07 02:54:47] [OK] Respuesta: {"codResponse":"00","msjResponse":"TRANSACCIÓN OK"}
[2023-08-07 03:22:46] [OK] ..:save_score:..
[2023-08-07 03:22:46] [OK] Inicio de operación
[2023-08-07 03:22:46] [OK] entrada: null
[2023-08-07 03:22:46] [OK] Respuesta: {"codResponse":"99","msjResponse":"Faltan datos"}
[2023-08-07 03:22:46] [OK] ..:save_score:..
[2023-08-07 03:22:46] [OK] Inicio de operación
[2023-08-07 03:22:46] [OK] entrada: {"id_estudiante":4,"curso":"5","unidad":"unidad 1","juego":"oracion_correcta","puntaje":0}
[2023-08-07 03:22:46] [OK] Respuesta: {"codResponse":"00","msjResponse":"TRANSACCIÓN OK"}
[2023-08-07 03:22:49] [OK] ..:save_score:..
[2023-08-07 03:22:49] [OK] Inicio de operación
[2023-08-07 03:22:49] [OK] entrada: null
[2023-08-07 03:22:49] [OK] Respuesta: {"codResponse":"99","msjResponse":"Faltan datos"}
[2023-08-07 03:22:49] [OK] ..:save_score:..
[2023-08-07 03:22:49] [OK] Inicio de operación
[2023-08-07 03:22:49] [OK] entrada: {"id_estudiante":4,"curso":"5","unidad":"unidad 1","juego":"oracion_correcta","puntaje":2}
[2023-08-07 03:22:49] [OK] Respuesta: {"codResponse":"00","msjResponse":"TRANSACCIÓN OK"}
[2023-08-07 03:24:25] [OK] ..:save_score:..
[2023-08-07 03:24:25] [OK] Inicio de operación
[2023-08-07 03:24:25] [OK] entrada: null
[2023-08-07 03:24:25] [OK] Respuesta: {"codResponse":"99","msjResponse":"Faltan datos"}
[2023-08-07 03:24:25] [OK] ..:save_score:..
[2023-08-07 03:24:25] [OK] Inicio de operación
[2023-08-07 03:24:25] [OK] entrada: {"id_estudiante":4,"curso":"5","unidad":"unidad 1","juego":"oracion_correcta","puntaje":2}
[2023-08-07 03:24:25] [OK] Respuesta: {"codResponse":"00","msjResponse":"TRANSACCIÓN OK"}
[2023-08-07 03:24:36] [OK] ..:save_score:..
[2023-08-07 03:24:36] [OK] Inicio de operación
[2023-08-07 03:24:36] [OK] entrada: null
[2023-08-07 03:24:36] [OK] Respuesta: {"codResponse":"99","msjResponse":"Faltan datos"}
[2023-08-07 03:24:36] [OK] ..:save_score:..
[2023-08-07 03:24:36] [OK] Inicio de operación
[2023-08-07 03:24:36] [OK] entrada: {"id_estudiante":4,"curso":"5","unidad":"unidad 1","juego":"oracion_correcta","puntaje":6}
[2023-08-07 03:24:36] [OK] Respuesta: {"codResponse":"00","msjResponse":"TRANSACCIÓN OK"}
[2023-08-07 03:24:39] [OK] ..:save_score:..
[2023-08-07 03:24:39] [OK] Inicio de operación
[2023-08-07 03:24:39] [OK] entrada: null
[2023-08-07 03:24:39] [OK] Respuesta: {"codResponse":"99","msjResponse":"Faltan datos"}
[2023-08-07 03:24:39] [OK] ..:save_score:..
[2023-08-07 03:24:39] [OK] Inicio de operación
[2023-08-07 03:24:39] [OK] entrada: {"id_estudiante":4,"curso":"5","unidad":"unidad 1","juego":"oracion_correcta","puntaje":8}
[2023-08-07 03:24:39] [OK] Respuesta: {"codResponse":"00","msjResponse":"TRANSACCIÓN OK"}
[2023-08-07 03:24:42] [OK] ..:save_score:..
[2023-08-07 03:24:42] [OK] Inicio de operación
[2023-08-07 03:24:42] [OK] entrada: null
[2023-08-07 03:24:42] [OK] Respuesta: {"codResponse":"99","msjResponse":"Faltan datos"}
[2023-08-07 03:24:42] [OK] ..:save_score:..
[2023-08-07 03:24:42] [OK] Inicio de operación
[2023-08-07 03:24:42] [OK] entrada: {"id_estudiante":4,"curso":"5","unidad":"unidad 1","juego":"oracion_correcta","puntaje":6}
[2023-08-07 03:24:42] [OK] Respuesta: {"codResponse":"00","msjResponse":"TRANSACCIÓN OK"}
[2023-08-07 03:24:46] [OK] ..:save_score:..
[2023-08-07 03:24:46] [OK] Inicio de operación
[2023-08-07 03:24:46] [OK] entrada: null
[2023-08-07 03:24:46] [OK] Respuesta: {"codResponse":"99","msjResponse":"Faltan datos"}
[2023-08-07 03:24:46] [OK] ..:save_score:..
[2023-08-07 03:24:46] [OK] Inicio de operación
[2023-08-07 03:24:46] [OK] entrada: {"id_estudiante":4,"curso":"5","unidad":"unidad 1","juego":"oracion_correcta","puntaje":6}
[2023-08-07 03:24:46] [OK] Respuesta: {"codResponse":"00","msjResponse":"TRANSACCIÓN OK"}
[2023-08-07 03:24:50] [OK] ..:save_score:..
[2023-08-07 03:24:50] [OK] Inicio de operación
[2023-08-07 03:24:50] [OK] entrada: null
[2023-08-07 03:24:50] [OK] Respuesta: {"codResponse":"99","msjResponse":"Faltan datos"}
[2023-08-07 03:24:50] [OK] ..:save_score:..
[2023-08-07 03:24:50] [OK] Inicio de operación
[2023-08-07 03:24:50] [OK] entrada: {"id_estudiante":4,"curso":"5","unidad":"unidad 1","juego":"oracion_correcta","puntaje":10}
[2023-08-07 03:24:50] [OK] Respuesta: {"codResponse":"00","msjResponse":"TRANSACCIÓN OK"}
[2023-08-07 03:25:13] [OK] ..:save_score:..
[2023-08-07 03:25:13] [OK] Inicio de operación
[2023-08-07 03:25:13] [OK] entrada: null
[2023-08-07 03:25:13] [OK] Respuesta: {"codResponse":"99","msjResponse":"Faltan datos"}
[2023-08-07 03:25:13] [OK] ..:save_score:..
[2023-08-07 03:25:13] [OK] Inicio de operación
[2023-08-07 03:25:13] [OK] entrada: {"id_estudiante":4,"curso":"5","unidad":"unidad 1","juego":"oracion_correcta","puntaje":10}
[2023-08-07 03:25:13] [OK] Respuesta: {"codResponse":"00","msjResponse":"TRANSACCIÓN OK"}
[2023-08-07 03:25:31] [OK] ..:save_score:..
[2023-08-07 03:25:31] [OK] Inicio de operación
[2023-08-07 03:25:31] [OK] entrada: null
[2023-08-07 03:25:31] [OK] Respuesta: {"codResponse":"99","msjResponse":"Faltan datos"}
[2023-08-07 03:25:31] [OK] ..:save_score:..
[2023-08-07 03:25:31] [OK] Inicio de operación
[2023-08-07 03:25:31] [OK] entrada: {"id_estudiante":4,"curso":"5","unidad":"unidad 1","juego":"oracion_correcta","puntaje":10}
[2023-08-07 03:25:31] [OK] Respuesta: {"codResponse":"00","msjResponse":"TRANSACCIÓN OK"}
[2023-08-07 03:36:51] [OK] ..:save_score:..
[2023-08-07 03:36:51] [OK] Inicio de operación
[2023-08-07 03:36:51] [OK] entrada: null
[2023-08-07 03:36:51] [OK] Respuesta: {"codResponse":"99","msjResponse":"Faltan datos"}
[2023-08-07 03:36:51] [OK] ..:save_score:..
[2023-08-07 03:36:51] [OK] Inicio de operación
[2023-08-07 03:36:51] [OK] entrada: {"id_estudiante":4,"curso":"5","unidad":"unidad 1","juego":"oracion_correcta","puntaje":10}
[2023-08-07 03:36:51] [OK] Respuesta: {"codResponse":"00","msjResponse":"TRANSACCIÓN OK"}
[2023-08-07 03:37:02] [OK] ..:save_score:..
[2023-08-07 03:37:02] [OK] Inicio de operación
[2023-08-07 03:37:02] [OK] entrada: null
[2023-08-07 03:37:02] [OK] Respuesta: {"codResponse":"99","msjResponse":"Faltan datos"}
[2023-08-07 03:37:02] [OK] ..:save_score:..
[2023-08-07 03:37:02] [OK] Inicio de operación
[2023-08-07 03:37:02] [OK] entrada: {"id_estudiante":4,"curso":"5","unidad":"unidad 1","juego":"oracion_correcta","puntaje":10}
[2023-08-07 03:37:02] [OK] Respuesta: {"codResponse":"00","msjResponse":"TRANSACCIÓN OK"}
[2023-08-07 03:37:06] [OK] ..:save_score:..
[2023-08-07 03:37:06] [OK] Inicio de operación
[2023-08-07 03:37:06] [OK] entrada: null
[2023-08-07 03:37:06] [OK] Respuesta: {"codResponse":"99","msjResponse":"Faltan datos"}
[2023-08-07 03:37:06] [OK] ..:save_score:..
[2023-08-07 03:37:06] [OK] Inicio de operación
[2023-08-07 03:37:06] [OK] entrada: {"id_estudiante":4,"curso":"5","unidad":"unidad 1","juego":"oracion_correcta","puntaje":10}
[2023-08-07 03:37:06] [OK] Respuesta: {"codResponse":"00","msjResponse":"TRANSACCIÓN OK"}
[2023-08-07 03:37:19] [OK] ..:save_score:..
[2023-08-07 03:37:19] [OK] Inicio de operación
[2023-08-07 03:37:19] [OK] entrada: null
[2023-08-07 03:37:19] [OK] Respuesta: {"codResponse":"99","msjResponse":"Faltan datos"}
[2023-08-07 03:37:19] [OK] ..:save_score:..
[2023-08-07 03:37:19] [OK] Inicio de operación
[2023-08-07 03:37:19] [OK] entrada: {"id_estudiante":4,"curso":"5","unidad":"unidad 1","juego":"oracion_correcta","puntaje":10}
[2023-08-07 03:37:19] [OK] Respuesta: {"codResponse":"00","msjResponse":"TRANSACCIÓN OK"}
[2023-08-07 03:37:40] [OK] ..:save_score:..
[2023-08-07 03:37:40] [OK] Inicio de operación
[2023-08-07 03:37:40] [OK] entrada: null
[2023-08-07 03:37:40] [OK] Respuesta: {"codResponse":"99","msjResponse":"Faltan datos"}
[2023-08-07 03:37:40] [OK] ..:save_score:..
[2023-08-07 03:37:40] [OK] Inicio de operación
[2023-08-07 03:37:40] [OK] entrada: {"id_estudiante":4,"curso":"5","unidad":"unidad 1","juego":"oracion_correcta","puntaje":0}
[2023-08-07 03:37:40] [OK] Respuesta: {"codResponse":"00","msjResponse":"TRANSACCIÓN OK"}
[2023-08-07 03:37:45] [OK] ..:save_score:..
[2023-08-07 03:37:45] [OK] Inicio de operación
[2023-08-07 03:37:45] [OK] entrada: null
[2023-08-07 03:37:45] [OK] Respuesta: {"codResponse":"99","msjResponse":"Faltan datos"}
[2023-08-07 03:37:45] [OK] ..:save_score:..
[2023-08-07 03:37:45] [OK] Inicio de operación
[2023-08-07 03:37:45] [OK] entrada: {"id_estudiante":4,"curso":"5","unidad":"unidad 1","juego":"oracion_correcta","puntaje":2}
[2023-08-07 03:37:45] [OK] Respuesta: {"codResponse":"00","msjResponse":"TRANSACCIÓN OK"}
[2023-08-07 03:37:56] [OK] ..:save_score:..
[2023-08-07 03:37:56] [OK] Inicio de operación
[2023-08-07 03:37:56] [OK] entrada: null
[2023-08-07 03:37:56] [OK] Respuesta: {"codResponse":"99","msjResponse":"Faltan datos"}
[2023-08-07 03:37:56] [OK] ..:save_score:..
[2023-08-07 03:37:56] [OK] Inicio de operación
[2023-08-07 03:37:56] [OK] entrada: {"id_estudiante":4,"curso":"5","unidad":"unidad 1","juego":"oracion_correcta","puntaje":10}
[2023-08-07 03:37:56] [OK] Respuesta: {"codResponse":"00","msjResponse":"TRANSACCIÓN OK"}
[2023-08-07 03:37:59] [OK] ..:save_score:..
[2023-08-07 03:37:59] [OK] Inicio de operación
[2023-08-07 03:37:59] [OK] entrada: null
[2023-08-07 03:37:59] [OK] Respuesta: {"codResponse":"99","msjResponse":"Faltan datos"}
[2023-08-07 03:37:59] [OK] ..:save_score:..
[2023-08-07 03:37:59] [OK] Inicio de operación
[2023-08-07 03:37:59] [OK] entrada: {"id_estudiante":4,"curso":"5","unidad":"unidad 1","juego":"oracion_correcta","puntaje":10}
[2023-08-07 03:37:59] [OK] Respuesta: {"codResponse":"00","msjResponse":"TRANSACCIÓN OK"}
[2023-08-07 03:38:30] [OK] ..:save_score:..
[2023-08-07 03:38:30] [OK] Inicio de operación
[2023-08-07 03:38:30] [OK] entrada: null
[2023-08-07 03:38:30] [OK] Respuesta: {"codResponse":"99","msjResponse":"Faltan datos"}
[2023-08-07 03:38:30] [OK] ..:save_score:..
[2023-08-07 03:38:30] [OK] Inicio de operación
[2023-08-07 03:38:30] [OK] entrada: {"id_estudiante":4,"curso":"5","unidad":"unidad 1","juego":"oracion_correcta","puntaje":0}
[2023-08-07 03:38:30] [OK] Respuesta: {"codResponse":"00","msjResponse":"TRANSACCIÓN OK"}
[2023-08-07 03:38:34] [OK] ..:save_score:..
[2023-08-07 03:38:34] [OK] Inicio de operación
[2023-08-07 03:38:34] [OK] entrada: null
[2023-08-07 03:38:34] [OK] Respuesta: {"codResponse":"99","msjResponse":"Faltan datos"}
[2023-08-07 03:38:34] [OK] ..:save_score:..
[2023-08-07 03:38:34] [OK] Inicio de operación
[2023-08-07 03:38:34] [OK] entrada: {"id_estudiante":4,"curso":"5","unidad":"unidad 1","juego":"oracion_correcta","puntaje":4}
[2023-08-07 03:38:34] [OK] Respuesta: {"codResponse":"00","msjResponse":"TRANSACCIÓN OK"}
[2023-08-07 03:38:36] [OK] ..:save_score:..
[2023-08-07 03:38:36] [OK] Inicio de operación
[2023-08-07 03:38:36] [OK] entrada: null
[2023-08-07 03:38:36] [OK] Respuesta: {"codResponse":"99","msjResponse":"Faltan datos"}
[2023-08-07 03:38:36] [OK] ..:save_score:..
[2023-08-07 03:38:36] [OK] Inicio de operación
[2023-08-07 03:38:36] [OK] entrada: {"id_estudiante":4,"curso":"5","unidad":"unidad 1","juego":"oracion_correcta","puntaje":4}
[2023-08-07 03:38:36] [OK] Respuesta: {"codResponse":"00","msjResponse":"TRANSACCIÓN OK"}
[2023-08-07 03:38:39] [OK] ..:save_score:..
[2023-08-07 03:38:39] [OK] Inicio de operación
[2023-08-07 03:38:39] [OK] entrada: null
[2023-08-07 03:38:39] [OK] Respuesta: {"codResponse":"99","msjResponse":"Faltan datos"}
[2023-08-07 03:38:39] [OK] ..:save_score:..
[2023-08-07 03:38:39] [OK] Inicio de operación
[2023-08-07 03:38:39] [OK] entrada: {"id_estudiante":4,"curso":"5","unidad":"unidad 1","juego":"oracion_correcta","puntaje":2}
[2023-08-07 03:38:39] [OK] Respuesta: {"codResponse":"00","msjResponse":"TRANSACCIÓN OK"}
[2023-08-07 03:39:18] [OK] ..:save_score:..
[2023-08-07 03:39:18] [OK] Inicio de operación
[2023-08-07 03:39:18] [OK] entrada: null
[2023-08-07 03:39:18] [OK] Respuesta: {"codResponse":"99","msjResponse":"Faltan datos"}
[2023-08-07 03:39:18] [OK] ..:save_score:..
[2023-08-07 03:39:18] [OK] Inicio de operación
[2023-08-07 03:39:18] [OK] entrada: {"id_estudiante":4,"curso":"5","unidad":"unidad 1","juego":"oracion_correcta","puntaje":10}
[2023-08-07 03:39:18] [OK] Respuesta: {"codResponse":"00","msjResponse":"TRANSACCIÓN OK"}
[2023-08-07 03:39:29] [OK] ..:save_score:..
[2023-08-07 03:39:29] [OK] Inicio de operación
[2023-08-07 03:39:29] [OK] entrada: null
[2023-08-07 03:39:29] [OK] Respuesta: {"codResponse":"99","msjResponse":"Faltan datos"}
[2023-08-07 03:39:29] [OK] ..:save_score:..
[2023-08-07 03:39:29] [OK] Inicio de operación
[2023-08-07 03:39:29] [OK] entrada: {"id_estudiante":4,"curso":"5","unidad":"unidad 1","juego":"oracion_correcta","puntaje":10}
[2023-08-07 03:39:29] [OK] Respuesta: {"codResponse":"00","msjResponse":"TRANSACCIÓN OK"}
[2023-08-07 03:39:46] [OK] ..:save_score:..
[2023-08-07 03:39:46] [OK] Inicio de operación
[2023-08-07 03:39:46] [OK] entrada: null
[2023-08-07 03:39:46] [OK] Respuesta: {"codResponse":"99","msjResponse":"Faltan datos"}
[2023-08-07 03:39:47] [OK] ..:save_score:..
[2023-08-07 03:39:47] [OK] Inicio de operación
[2023-08-07 03:39:47] [OK] entrada: {"id_estudiante":4,"curso":"5","unidad":"unidad 1","juego":"oracion_correcta","puntaje":0}
[2023-08-07 03:39:47] [OK] Respuesta: {"codResponse":"00","msjResponse":"TRANSACCIÓN OK"}
[2023-08-07 03:40:02] [OK] ..:save_score:..
[2023-08-07 03:40:02] [OK] Inicio de operación
[2023-08-07 03:40:02] [OK] entrada: null
[2023-08-07 03:40:02] [OK] Respuesta: {"codResponse":"99","msjResponse":"Faltan datos"}
[2023-08-07 03:40:02] [OK] ..:save_score:..
[2023-08-07 03:40:02] [OK] Inicio de operación
[2023-08-07 03:40:02] [OK] entrada: {"id_estudiante":4,"curso":"5","unidad":"unidad 1","juego":"oracion_correcta","puntaje":2}
[2023-08-07 03:40:02] [OK] Respuesta: {"codResponse":"00","msjResponse":"TRANSACCIÓN OK"}
[2023-08-07 03:42:53] [OK] ..:save_score:..
[2023-08-07 03:42:53] [OK] Inicio de operación
[2023-08-07 03:42:53] [OK] entrada: null
[2023-08-07 03:42:53] [OK] Respuesta: {"codResponse":"99","msjResponse":"Faltan datos"}
[2023-08-07 03:42:53] [OK] ..:save_score:..
[2023-08-07 03:42:53] [OK] Inicio de operación
[2023-08-07 03:42:53] [OK] entrada: {"id_estudiante":4,"curso":"5","unidad":"unidad 1","juego":"oracion_correcta","puntaje":2}
[2023-08-07 03:42:53] [OK] Respuesta: {"codResponse":"00","msjResponse":"TRANSACCIÓN OK"}
[2023-08-07 03:45:07] [OK] ..:save_score:..
[2023-08-07 03:45:07] [OK] Inicio de operación
[2023-08-07 03:45:07] [OK] entrada: null
[2023-08-07 03:45:07] [OK] Respuesta: {"codResponse":"99","msjResponse":"Faltan datos"}
[2023-08-07 03:45:07] [OK] ..:save_score:..
[2023-08-07 03:45:07] [OK] Inicio de operación
[2023-08-07 03:45:07] [OK] entrada: {"id_estudiante":4,"curso":"5","unidad":"unidad 1","juego":"oracion_correcta","puntaje":2}
[2023-08-07 03:45:07] [OK] Respuesta: {"codResponse":"00","msjResponse":"TRANSACCIÓN OK"}
[2023-08-07 03:49:52] [OK] ..:save_score:..
[2023-08-07 03:49:52] [OK] Inicio de operación
[2023-08-07 03:49:52] [OK] entrada: null
[2023-08-07 03:49:52] [OK] Respuesta: {"codResponse":"99","msjResponse":"Faltan datos"}
[2023-08-07 03:49:52] [OK] ..:save_score:..
[2023-08-07 03:49:52] [OK] Inicio de operación
[2023-08-07 03:49:52] [OK] entrada: {"id_estudiante":4,"curso":"5","unidad":"unidad 1","juego":"oracion_correcta","puntaje":4}
[2023-08-07 03:49:52] [OK] Respuesta: {"codResponse":"00","msjResponse":"TRANSACCIÓN OK"}
[2023-08-07 03:53:46] [OK] ..:save_score:..
[2023-08-07 03:53:46] [OK] Inicio de operación
[2023-08-07 03:53:46] [OK] entrada: null
[2023-08-07 03:53:46] [OK] Respuesta: {"codResponse":"99","msjResponse":"Faltan datos"}
[2023-08-07 03:53:46] [OK] ..:save_score:..
[2023-08-07 03:53:46] [OK] Inicio de operación
[2023-08-07 03:53:46] [OK] entrada: {"id_estudiante":4,"curso":"5","unidad":"unidad 1","juego":"oracion_correcta","puntaje":2}
[2023-08-07 03:53:46] [OK] Respuesta: {"codResponse":"00","msjResponse":"TRANSACCIÓN OK"}
[2023-08-07 04:09:15] [OK] ..:save_score:..
[2023-08-07 04:09:15] [OK] Inicio de operación
[2023-08-07 04:09:15] [OK] entrada: null
[2023-08-07 04:09:15] [OK] Respuesta: {"codResponse":"99","msjResponse":"Faltan datos"}
[2023-08-07 04:09:15] [OK] ..:save_score:..
[2023-08-07 04:09:15] [OK] Inicio de operación
[2023-08-07 04:09:15] [OK] entrada: {"id_estudiante":4,"curso":"5","unidad":"unidad 1","juego":"oracion_correcta","puntaje":0}
[2023-08-07 04:09:15] [OK] Respuesta: {"codResponse":"00","msjResponse":"TRANSACCIÓN OK"}
[2023-08-07 04:09:29] [OK] ..:save_score:..
[2023-08-07 04:09:29] [OK] Inicio de operación
[2023-08-07 04:09:29] [OK] entrada: null
[2023-08-07 04:09:29] [OK] Respuesta: {"codResponse":"99","msjResponse":"Faltan datos"}
[2023-08-07 04:09:29] [OK] ..:save_score:..
[2023-08-07 04:09:29] [OK] Inicio de operación
[2023-08-07 04:09:29] [OK] entrada: {"id_estudiante":4,"curso":"5","unidad":"unidad 1","juego":"oracion_correcta","puntaje":0}
[2023-08-07 04:09:29] [OK] Respuesta: {"codResponse":"00","msjResponse":"TRANSACCIÓN OK"}
[2023-08-07 04:11:41] [OK] ..:save_score:..
[2023-08-07 04:11:41] [OK] Inicio de operación
[2023-08-07 04:11:41] [OK] entrada: null
[2023-08-07 04:11:41] [OK] Respuesta: {"codResponse":"99","msjResponse":"Faltan datos"}
[2023-08-07 04:11:41] [OK] ..:save_score:..
[2023-08-07 04:11:41] [OK] Inicio de operación
[2023-08-07 04:11:41] [OK] entrada: {"id_estudiante":4,"curso":"5","unidad":"unidad 1","juego":"oracion_correcta","puntaje":2}
[2023-08-07 04:11:41] [OK] Respuesta: {"codResponse":"00","msjResponse":"TRANSACCIÓN OK"}
[2023-08-07 04:11:45] [OK] ..:save_score:..
[2023-08-07 04:11:45] [OK] Inicio de operación
[2023-08-07 04:11:45] [OK] entrada: null
[2023-08-07 04:11:45] [OK] Respuesta: {"codResponse":"99","msjResponse":"Faltan datos"}
[2023-08-07 04:11:45] [OK] ..:save_score:..
[2023-08-07 04:11:45] [OK] Inicio de operación
[2023-08-07 04:11:45] [OK] entrada: {"id_estudiante":4,"curso":"5","unidad":"unidad 1","juego":"oracion_correcta","puntaje":2}
[2023-08-07 04:11:45] [OK] Respuesta: {"codResponse":"00","msjResponse":"TRANSACCIÓN OK"}
[2023-08-07 04:11:49] [OK] ..:save_score:..
[2023-08-07 04:11:49] [OK] Inicio de operación
[2023-08-07 04:11:49] [OK] entrada: null
[2023-08-07 04:11:49] [OK] Respuesta: {"codResponse":"99","msjResponse":"Faltan datos"}
[2023-08-07 04:11:49] [OK] ..:save_score:..
[2023-08-07 04:11:49] [OK] Inicio de operación
[2023-08-07 04:11:49] [OK] entrada: {"id_estudiante":4,"curso":"5","unidad":"unidad 1","juego":"oracion_correcta","puntaje":2}
[2023-08-07 04:11:49] [OK] Respuesta: {"codResponse":"00","msjResponse":"TRANSACCIÓN OK"}
[2023-08-07 04:11:52] [OK] ..:save_score:..
[2023-08-07 04:11:52] [OK] Inicio de operación
[2023-08-07 04:11:52] [OK] entrada: null
[2023-08-07 04:11:52] [OK] Respuesta: {"codResponse":"99","msjResponse":"Faltan datos"}
[2023-08-07 04:11:52] [OK] ..:save_score:..
[2023-08-07 04:11:52] [OK] Inicio de operación
[2023-08-07 04:11:52] [OK] entrada: {"id_estudiante":4,"curso":"5","unidad":"unidad 1","juego":"oracion_correcta","puntaje":2}
[2023-08-07 04:11:52] [OK] Respuesta: {"codResponse":"00","msjResponse":"TRANSACCIÓN OK"}
[2023-08-07 04:17:04] [OK] ..:save_score:..
[2023-08-07 04:17:04] [OK] Inicio de operación
[2023-08-07 04:17:04] [OK] entrada: {"id_estudiante":"4","curso":"5","unidad":"unidad 1","juego":"ordenar_relatos","puntaje":2}
[2023-08-07 04:17:04] [OK] Respuesta: {"codResponse":"00","msjResponse":"TRANSACCIÓN OK"}
[2023-08-07 04:17:10] [OK] ..:save_score:..
[2023-08-07 04:17:10] [OK] Inicio de operación
[2023-08-07 04:17:10] [OK] entrada: {"id_estudiante":"4","curso":"5","unidad":"unidad 1","juego":"ordenar_relatos","puntaje":2}
[2023-08-07 04:17:10] [OK] Respuesta: {"codResponse":"00","msjResponse":"TRANSACCIÓN OK"}
[2023-08-07 04:17:12] [OK] ..:save_score:..
[2023-08-07 04:17:12] [OK] Inicio de operación
[2023-08-07 04:17:12] [OK] entrada: {"id_estudiante":"4","curso":"5","unidad":"unidad 1","juego":"ordenar_relatos","puntaje":2}
[2023-08-07 04:17:12] [OK] Respuesta: {"codResponse":"00","msjResponse":"TRANSACCIÓN OK"}
[2023-08-07 04:17:59] [OK] ..:save_score:..
[2023-08-07 04:17:59] [OK] Inicio de operación
[2023-08-07 04:17:59] [OK] entrada: null
[2023-08-07 04:17:59] [OK] Respuesta: {"codResponse":"99","msjResponse":"Faltan datos"}
[2023-08-07 04:17:59] [OK] ..:save_score:..
[2023-08-07 04:17:59] [OK] Inicio de operación
[2023-08-07 04:17:59] [OK] entrada: {"id_estudiante":4,"curso":"5","unidad":"unidad 1","juego":"ordenar_relatos","puntaje":8}
[2023-08-07 04:17:59] [OK] Respuesta: {"codResponse":"00","msjResponse":"TRANSACCIÓN OK"}
[2023-08-07 04:18:08] [OK] ..:save_score:..
[2023-08-07 04:18:08] [OK] Inicio de operación
[2023-08-07 04:18:08] [OK] entrada: null
[2023-08-07 04:18:08] [OK] Respuesta: {"codResponse":"99","msjResponse":"Faltan datos"}
[2023-08-07 04:18:08] [OK] ..:save_score:..
[2023-08-07 04:18:08] [OK] Inicio de operación
[2023-08-07 04:18:08] [OK] entrada: {"id_estudiante":4,"curso":"5","unidad":"unidad 1","juego":"oracion_correcta","puntaje":0}
[2023-08-07 04:18:08] [OK] Respuesta: {"codResponse":"00","msjResponse":"TRANSACCIÓN OK"}
[2023-08-07 04:18:13] [OK] ..:save_score:..
[2023-08-07 04:18:13] [OK] Inicio de operación
[2023-08-07 04:18:13] [OK] entrada: null
[2023-08-07 04:18:13] [OK] Respuesta: {"codResponse":"99","msjResponse":"Faltan datos"}
[2023-08-07 04:18:13] [OK] ..:save_score:..
[2023-08-07 04:18:13] [OK] Inicio de operación
[2023-08-07 04:18:13] [OK] entrada: {"id_estudiante":8,"curso":"5","unidad":"unidad 1","juego":"punto_coma","puntaje":4.615384615384616}
[2023-08-07 04:18:13] [OK] Respuesta: {"codResponse":"00","msjResponse":"TRANSACCIÓN OK"}
[2023-08-07 04:21:12] [OK] ..:save_score:..
[2023-08-07 04:21:12] [OK] Inicio de operación
[2023-08-07 04:21:12] [OK] entrada: null
[2023-08-07 04:21:12] [OK] Respuesta: {"codResponse":"99","msjResponse":"Faltan datos"}
[2023-08-07 04:21:12] [OK] ..:save_score:..
[2023-08-07 04:21:12] [OK] Inicio de operación
[2023-08-07 04:21:12] [OK] entrada: {"id_estudiante":8,"curso":"5","unidad":"unidad 1","juego":"punto_coma","puntaje":4.615384615384616}
[2023-08-07 04:21:12] [OK] Respuesta: {"codResponse":"00","msjResponse":"TRANSACCIÓN OK"}
[2023-08-07 04:22:01] [OK] ..:save_score:..
[2023-08-07 04:22:01] [OK] Inicio de operación
[2023-08-07 04:22:01] [OK] entrada: null
[2023-08-07 04:22:01] [OK] Respuesta: {"codResponse":"99","msjResponse":"Faltan datos"}
[2023-08-07 04:22:01] [OK] ..:save_score:..
[2023-08-07 04:22:01] [OK] Inicio de operación
[2023-08-07 04:22:01] [OK] entrada: {"id_estudiante":8,"curso":"5","unidad":"unidad 1","juego":"punto_coma","puntaje":4.615384615384616}
[2023-08-07 04:22:01] [OK] Respuesta: {"codResponse":"00","msjResponse":"TRANSACCIÓN OK"}
[2023-08-07 04:22:54] [OK] ..:save_score:..
[2023-08-07 04:22:54] [OK] Inicio de operación
[2023-08-07 04:22:54] [OK] entrada: null
[2023-08-07 04:22:54] [OK] Respuesta: {"codResponse":"99","msjResponse":"Faltan datos"}
[2023-08-07 04:22:54] [OK] ..:save_score:..
[2023-08-07 04:22:54] [OK] Inicio de operación
[2023-08-07 04:22:54] [OK] entrada: {"id_estudiante":8,"curso":"5","unidad":"unidad 1","juego":"punto_coma","puntaje":0}
[2023-08-07 04:22:54] [OK] Respuesta: {"codResponse":"00","msjResponse":"TRANSACCIÓN OK"}
[2023-08-07 04:22:59] [OK] ..:save_score:..
[2023-08-07 04:22:59] [OK] Inicio de operación
[2023-08-07 04:22:59] [OK] entrada: null
[2023-08-07 04:22:59] [OK] Respuesta: {"codResponse":"99","msjResponse":"Faltan datos"}
[2023-08-07 04:22:59] [OK] ..:save_score:..
[2023-08-07 04:22:59] [OK] Inicio de operación
[2023-08-07 04:22:59] [OK] entrada: {"id_estudiante":8,"curso":"5","unidad":"unidad 1","juego":"punto_coma","puntaje":0}
[2023-08-07 04:22:59] [OK] Respuesta: {"codResponse":"00","msjResponse":"TRANSACCIÓN OK"}
[2023-08-07 04:23:34] [OK] ..:save_score:..
[2023-08-07 04:23:34] [OK] Inicio de operación
[2023-08-07 04:23:34] [OK] entrada: null
[2023-08-07 04:23:34] [OK] Respuesta: {"codResponse":"99","msjResponse":"Faltan datos"}
[2023-08-07 04:23:34] [OK] ..:save_score:..
[2023-08-07 04:23:34] [OK] Inicio de operación
[2023-08-07 04:23:34] [OK] entrada: {"id_estudiante":8,"curso":"5","unidad":"unidad 1","juego":"punto_coma","puntaje":4}
[2023-08-07 04:23:34] [OK] Respuesta: {"codResponse":"00","msjResponse":"TRANSACCIÓN OK"}
[2023-08-07 04:23:39] [OK] ..:save_score:..
[2023-08-07 04:23:39] [OK] Inicio de operación
[2023-08-07 04:23:39] [OK] entrada: null
[2023-08-07 04:23:39] [OK] Respuesta: {"codResponse":"99","msjResponse":"Faltan datos"}
[2023-08-07 04:23:39] [OK] ..:save_score:..
[2023-08-07 04:23:39] [OK] Inicio de operación
[2023-08-07 04:23:39] [OK] entrada: {"id_estudiante":8,"curso":"5","unidad":"unidad 1","juego":"punto_coma","puntaje":3}
[2023-08-07 04:23:39] [OK] Respuesta: {"codResponse":"00","msjResponse":"TRANSACCIÓN OK"}
[2023-08-07 04:24:08] [OK] ..:save_score:..
[2023-08-07 04:24:08] [OK] Inicio de operación
[2023-08-07 04:24:08] [OK] entrada: null
[2023-08-07 04:24:08] [OK] Respuesta: {"codResponse":"99","msjResponse":"Faltan datos"}
[2023-08-07 04:24:08] [OK] ..:save_score:..
[2023-08-07 04:24:08] [OK] Inicio de operación
[2023-08-07 04:24:08] [OK] entrada: {"id_estudiante":4,"curso":"5","unidad":"unidad 2","juego":"arrastra_palabra_correcta","puntaje":0}
[2023-08-07 04:24:08] [OK] Respuesta: {"codResponse":"00","msjResponse":"TRANSACCIÓN OK"}
[2023-08-07 04:24:12] [OK] ..:save_score:..
[2023-08-07 04:24:12] [OK] Inicio de operación
[2023-08-07 04:24:12] [OK] entrada: null
[2023-08-07 04:24:12] [OK] Respuesta: {"codResponse":"99","msjResponse":"Faltan datos"}
[2023-08-07 04:24:12] [OK] ..:save_score:..
[2023-08-07 04:24:12] [OK] Inicio de operación
[2023-08-07 04:24:12] [OK] entrada: {"id_estudiante":4,"curso":"5","unidad":"unidad 2","juego":"leyenda","puntaje":0}
[2023-08-07 04:24:12] [OK] Respuesta: {"codResponse":"00","msjResponse":"TRANSACCIÓN OK"}
[2023-08-07 04:24:15] [OK] ..:save_score:..
[2023-08-07 04:24:15] [OK] Inicio de operación
[2023-08-07 04:24:15] [OK] entrada: null
[2023-08-07 04:24:15] [OK] Respuesta: {"codResponse":"99","msjResponse":"Faltan datos"}
[2023-08-07 04:24:15] [OK] ..:save_score:..
[2023-08-07 04:24:15] [OK] Inicio de operación
[2023-08-07 04:24:15] [OK] entrada: {"id_estudiante":4,"curso":"5","unidad":"unidad 2","juego":"leyenda","puntaje":0}
[2023-08-07 04:24:15] [OK] Respuesta: {"codResponse":"00","msjResponse":"TRANSACCIÓN OK"}
[2023-08-07 04:24:20] [OK] ..:save_score:..
[2023-08-07 04:24:20] [OK] Inicio de operación
[2023-08-07 04:24:20] [OK] entrada: null
[2023-08-07 04:24:20] [OK] Respuesta: {"codResponse":"99","msjResponse":"Faltan datos"}
[2023-08-07 04:24:20] [OK] ..:save_score:..
[2023-08-07 04:24:20] [OK] Inicio de operación
[2023-08-07 04:24:20] [OK] entrada: {"id_estudiante":4,"curso":"5","unidad":"unidad 2","juego":"leyenda","puntaje":2}
[2023-08-07 04:24:20] [OK] Respuesta: {"codResponse":"00","msjResponse":"TRANSACCIÓN OK"}
[2023-08-07 04:24:24] [OK] ..:save_score:..
[2023-08-07 04:24:24] [OK] Inicio de operación
[2023-08-07 04:24:24] [OK] entrada: null
[2023-08-07 04:24:24] [OK] Respuesta: {"codResponse":"99","msjResponse":"Faltan datos"}
[2023-08-07 04:24:24] [OK] ..:save_score:..
[2023-08-07 04:24:24] [OK] Inicio de operación
[2023-08-07 04:24:24] [OK] entrada: {"id_estudiante":4,"curso":"5","unidad":"unidad 2","juego":"leyenda","puntaje":4}
[2023-08-07 04:24:24] [OK] Respuesta: {"codResponse":"00","msjResponse":"TRANSACCIÓN OK"}
[2023-08-07 04:24:27] [OK] ..:save_score:..
[2023-08-07 04:24:27] [OK] Inicio de operación
[2023-08-07 04:24:27] [OK] entrada: null
[2023-08-07 04:24:27] [OK] Respuesta: {"codResponse":"99","msjResponse":"Faltan datos"}
[2023-08-07 04:24:27] [OK] ..:save_score:..
[2023-08-07 04:24:27] [OK] Inicio de operación
[2023-08-07 04:24:27] [OK] entrada: {"id_estudiante":4,"curso":"5","unidad":"unidad 2","juego":"leyenda","puntaje":4}
[2023-08-07 04:24:27] [OK] Respuesta: {"codResponse":"00","msjResponse":"TRANSACCIÓN OK"}
[2023-08-07 04:26:59] [OK] ..:save_score:..
[2023-08-07 04:26:59] [OK] Inicio de operación
[2023-08-07 04:26:59] [OK] entrada: null
[2023-08-07 04:26:59] [OK] Respuesta: {"codResponse":"99","msjResponse":"Faltan datos"}
[2023-08-07 04:26:59] [OK] ..:save_score:..
[2023-08-07 04:26:59] [OK] Inicio de operación
[2023-08-07 04:26:59] [OK] entrada: {"id_estudiante":4,"curso":"5","unidad":"unidad 2","juego":"leyenda","puntaje":0}
[2023-08-07 04:26:59] [OK] Respuesta: {"codResponse":"00","msjResponse":"TRANSACCIÓN OK"}
[2023-08-07 04:27:04] [OK] ..:save_score:..
[2023-08-07 04:27:04] [OK] Inicio de operación
[2023-08-07 04:27:04] [OK] entrada: null
[2023-08-07 04:27:04] [OK] Respuesta: {"codResponse":"99","msjResponse":"Faltan datos"}
[2023-08-07 04:27:04] [OK] ..:save_score:..
[2023-08-07 04:27:04] [OK] Inicio de operación
[2023-08-07 04:27:04] [OK] entrada: {"id_estudiante":4,"curso":"5","unidad":"unidad 2","juego":"leyenda","puntaje":5}
[2023-08-07 04:27:04] [OK] Respuesta: {"codResponse":"00","msjResponse":"TRANSACCIÓN OK"}
[2023-08-07 04:27:07] [OK] ..:save_score:..
[2023-08-07 04:27:07] [OK] Inicio de operación
[2023-08-07 04:27:07] [OK] entrada: null
[2023-08-07 04:27:07] [OK] Respuesta: {"codResponse":"99","msjResponse":"Faltan datos"}
[2023-08-07 04:27:07] [OK] ..:save_score:..
[2023-08-07 04:27:07] [OK] Inicio de operación
[2023-08-07 04:27:07] [OK] entrada: {"id_estudiante":4,"curso":"5","unidad":"unidad 2","juego":"leyenda","puntaje":5}
[2023-08-07 04:27:07] [OK] Respuesta: {"codResponse":"00","msjResponse":"TRANSACCIÓN OK"}
[2023-08-07 04:27:11] [OK] ..:save_score:..
[2023-08-07 04:27:11] [OK] Inicio de operación
[2023-08-07 04:27:11] [OK] entrada: null
[2023-08-07 04:27:11] [OK] Respuesta: {"codResponse":"99","msjResponse":"Faltan datos"}
[2023-08-07 04:27:11] [OK] ..:save_score:..
[2023-08-07 04:27:11] [OK] Inicio de operación
[2023-08-07 04:27:11] [OK] entrada: {"id_estudiante":4,"curso":"5","unidad":"unidad 2","juego":"leyenda","puntaje":5}
[2023-08-07 04:27:11] [OK] Respuesta: {"codResponse":"00","msjResponse":"TRANSACCIÓN OK"}
[2023-08-07 04:27:27] [OK] ..:save_score:..
[2023-08-07 04:27:27] [OK] Inicio de operación
[2023-08-07 04:27:27] [OK] entrada: null
[2023-08-07 04:27:27] [OK] Respuesta: {"codResponse":"99","msjResponse":"Faltan datos"}
[2023-08-07 04:27:28] [OK] ..:save_score:..
[2023-08-07 04:27:28] [OK] Inicio de operación
[2023-08-07 04:27:28] [OK] entrada: {"id_estudiante":4,"curso":"5","unidad":"unidad 2","juego":"leyenda","puntaje":0}
[2023-08-07 04:27:28] [OK] Respuesta: {"codResponse":"00","msjResponse":"TRANSACCIÓN OK"}
[2023-08-07 04:27:30] [OK] ..:save_score:..
[2023-08-07 04:27:30] [OK] Inicio de operación
[2023-08-07 04:27:30] [OK] entrada: null
[2023-08-07 04:27:30] [OK] Respuesta: {"codResponse":"99","msjResponse":"Faltan datos"}
[2023-08-07 04:27:30] [OK] ..:save_score:..
[2023-08-07 04:27:30] [OK] Inicio de operación
[2023-08-07 04:27:30] [OK] entrada: {"id_estudiante":4,"curso":"5","unidad":"unidad 2","juego":"leyenda","puntaje":5}
[2023-08-07 04:27:30] [OK] Respuesta: {"codResponse":"00","msjResponse":"TRANSACCIÓN OK"}
[2023-08-07 04:27:36] [OK] ..:save_score:..
[2023-08-07 04:27:36] [OK] Inicio de operación
[2023-08-07 04:27:36] [OK] entrada: null
[2023-08-07 04:27:36] [OK] Respuesta: {"codResponse":"99","msjResponse":"Faltan datos"}
[2023-08-07 04:27:36] [OK] ..:save_score:..
[2023-08-07 04:27:36] [OK] Inicio de operación
[2023-08-07 04:27:36] [OK] entrada: {"id_estudiante":4,"curso":"5","unidad":"unidad 2","juego":"leyenda","puntaje":10}
[2023-08-07 04:27:36] [OK] Respuesta: {"codResponse":"00","msjResponse":"TRANSACCIÓN OK"}
[2023-08-07 04:29:20] [OK] ..:save_score:..
[2023-08-07 04:29:20] [OK] Inicio de operación
[2023-08-07 04:29:20] [OK] entrada: null
[2023-08-07 04:29:20] [OK] Respuesta: {"codResponse":"99","msjResponse":"Faltan datos"}
[2023-08-07 04:29:20] [OK] ..:save_score:..
[2023-08-07 04:29:20] [OK] Inicio de operación
[2023-08-07 04:29:20] [OK] entrada: {"id_estudiante":999,"curso":"5","unidad":"unidad 2","juego":"seleccione_palabra_correcta","puntaje":0}
[2023-08-07 04:29:20] [OK] Respuesta: {"codResponse":"00","msjResponse":"TRANSACCIÓN OK"}
[2023-08-07 04:29:27] [OK] ..:save_score:..
[2023-08-07 04:29:27] [OK] Inicio de operación
[2023-08-07 04:29:27] [OK] entrada: null
[2023-08-07 04:29:27] [OK] Respuesta: {"codResponse":"99","msjResponse":"Faltan datos"}
[2023-08-07 04:29:27] [OK] ..:save_score:..
[2023-08-07 04:29:27] [OK] Inicio de operación
[2023-08-07 04:29:27] [OK] entrada: {"id_estudiante":999,"curso":"5","unidad":"unidad 2","juego":"seleccione_palabra_correcta","puntaje":10}
[2023-08-07 04:29:27] [OK] Respuesta: {"codResponse":"00","msjResponse":"TRANSACCIÓN OK"}
[2023-08-07 04:29:36] [OK] ..:save_score:..
[2023-08-07 04:29:36] [OK] Inicio de operación
[2023-08-07 04:29:36] [OK] entrada: null
[2023-08-07 04:29:36] [OK] Respuesta: {"codResponse":"99","msjResponse":"Faltan datos"}
[2023-08-07 04:29:36] [OK] ..:save_score:..
[2023-08-07 04:29:36] [OK] Inicio de operación
[2023-08-07 04:29:36] [OK] entrada: {"id_estudiante":999,"curso":"5","unidad":"unidad 2","juego":"seleccione_palabra_correcta","puntaje":10}
[2023-08-07 04:29:36] [OK] Respuesta: {"codResponse":"00","msjResponse":"TRANSACCIÓN OK"}
[2023-08-07 04:29:39] [OK] ..:save_score:..
[2023-08-07 04:29:39] [OK] Inicio de operación
[2023-08-07 04:29:39] [OK] entrada: null
[2023-08-07 04:29:39] [OK] Respuesta: {"codResponse":"99","msjResponse":"Faltan datos"}
[2023-08-07 04:29:39] [OK] ..:save_score:..
[2023-08-07 04:29:39] [OK] Inicio de operación
[2023-08-07 04:29:39] [OK] entrada: {"id_estudiante":999,"curso":"5","unidad":"unidad 2","juego":"seleccione_palabra_correcta","puntaje":20}
[2023-08-07 04:29:39] [OK] Respuesta: {"codResponse":"00","msjResponse":"TRANSACCIÓN OK"}
[2023-08-07 04:31:57] [OK] ..:save_score:..
[2023-08-07 04:31:57] [OK] Inicio de operación
[2023-08-07 04:31:57] [OK] entrada: null
[2023-08-07 04:31:57] [OK] Respuesta: {"codResponse":"99","msjResponse":"Faltan datos"}
[2023-08-07 04:31:57] [OK] ..:save_score:..
[2023-08-07 04:31:57] [OK] Inicio de operación
[2023-08-07 04:31:57] [OK] entrada: {"id_estudiante":999,"curso":"5","unidad":"unidad 2","juego":"seleccione_palabra_correcta","puntaje":0}
[2023-08-07 04:31:57] [OK] Respuesta: {"codResponse":"00","msjResponse":"TRANSACCIÓN OK"}
[2023-08-07 04:32:03] [OK] ..:save_score:..
[2023-08-07 04:32:03] [OK] Inicio de operación
[2023-08-07 04:32:03] [OK] entrada: null
[2023-08-07 04:32:03] [OK] Respuesta: {"codResponse":"99","msjResponse":"Faltan datos"}
[2023-08-07 04:32:03] [OK] ..:save_score:..
[2023-08-07 04:32:03] [OK] Inicio de operación
[2023-08-07 04:32:03] [OK] entrada: {"id_estudiante":999,"curso":"5","unidad":"unidad 2","juego":"seleccione_palabra_correcta","puntaje":0}
[2023-08-07 04:32:03] [OK] Respuesta: {"codResponse":"00","msjResponse":"TRANSACCIÓN OK"}
[2023-08-07 04:32:08] [OK] ..:save_score:..
[2023-08-07 04:32:08] [OK] Inicio de operación
[2023-08-07 04:32:08] [OK] entrada: null
[2023-08-07 04:32:08] [OK] Respuesta: {"codResponse":"99","msjResponse":"Faltan datos"}
[2023-08-07 04:32:08] [OK] ..:save_score:..
[2023-08-07 04:32:08] [OK] Inicio de operación
[2023-08-07 04:32:08] [OK] entrada: {"id_estudiante":999,"curso":"5","unidad":"unidad 2","juego":"seleccione_palabra_correcta","puntaje":5}
[2023-08-07 04:32:08] [OK] Respuesta: {"codResponse":"00","msjResponse":"TRANSACCIÓN OK"}
[2023-08-07 04:32:12] [OK] ..:save_score:..
[2023-08-07 04:32:12] [OK] Inicio de operación
[2023-08-07 04:32:12] [OK] entrada: null
[2023-08-07 04:32:12] [OK] Respuesta: {"codResponse":"99","msjResponse":"Faltan datos"}
[2023-08-07 04:32:12] [OK] ..:save_score:..
[2023-08-07 04:32:12] [OK] Inicio de operación
[2023-08-07 04:32:12] [OK] entrada: {"id_estudiante":999,"curso":"5","unidad":"unidad 2","juego":"seleccione_palabra_correcta","puntaje":10}
[2023-08-07 04:32:12] [OK] Respuesta: {"codResponse":"00","msjResponse":"TRANSACCIÓN OK"}
[2023-08-07 04:32:21] [OK] ..:save_score:..
[2023-08-07 04:32:21] [OK] Inicio de operación
[2023-08-07 04:32:21] [OK] entrada: null
[2023-08-07 04:32:21] [OK] Respuesta: {"codResponse":"99","msjResponse":"Faltan datos"}
[2023-08-07 04:32:21] [OK] ..:save_score:..
[2023-08-07 04:32:21] [OK] Inicio de operación
[2023-08-07 04:32:21] [OK] entrada: {"id_estudiante":999,"curso":"5","unidad":"unidad 2","juego":"seleccione_palabra_correcta","puntaje":10}
[2023-08-07 04:32:21] [OK] Respuesta: {"codResponse":"00","msjResponse":"TRANSACCIÓN OK"}
[2023-08-07 04:32:25] [OK] ..:save_score:..
[2023-08-07 04:32:25] [OK] Inicio de operación
[2023-08-07 04:32:25] [OK] entrada: null
[2023-08-07 04:32:25] [OK] Respuesta: {"codResponse":"99","msjResponse":"Faltan datos"}
[2023-08-07 04:32:25] [OK] ..:save_score:..
[2023-08-07 04:32:25] [OK] Inicio de operación
[2023-08-07 04:32:25] [OK] entrada: {"id_estudiante":999,"curso":"5","unidad":"unidad 2","juego":"seleccione_palabra_correcta","puntaje":12}
[2023-08-07 04:32:25] [OK] Respuesta: {"codResponse":"00","msjResponse":"TRANSACCIÓN OK"}
[2023-08-07 04:32:30] [OK] ..:save_score:..
[2023-08-07 04:32:30] [OK] Inicio de operación
[2023-08-07 04:32:30] [OK] entrada: null
[2023-08-07 04:32:30] [OK] Respuesta: {"codResponse":"99","msjResponse":"Faltan datos"}
[2023-08-07 04:32:30] [OK] ..:save_score:..
[2023-08-07 04:32:30] [OK] Inicio de operación
[2023-08-07 04:32:30] [OK] entrada: {"id_estudiante":999,"curso":"5","unidad":"unidad 2","juego":"seleccione_palabra_correcta","puntaje":15}
[2023-08-07 04:32:30] [OK] Respuesta: {"codResponse":"00","msjResponse":"TRANSACCIÓN OK"}
[2023-08-07 04:32:39] [OK] ..:save_score:..
[2023-08-07 04:32:39] [OK] Inicio de operación
[2023-08-07 04:32:39] [OK] entrada: null
[2023-08-07 04:32:39] [OK] Respuesta: {"codResponse":"99","msjResponse":"Faltan datos"}
[2023-08-07 04:32:39] [OK] ..:save_score:..
[2023-08-07 04:32:39] [OK] Inicio de operación
[2023-08-07 04:32:39] [OK] entrada: {"id_estudiante":999,"curso":"5","unidad":"unidad 2","juego":"seleccione_palabra_correcta","puntaje":15}
[2023-08-07 04:32:39] [OK] Respuesta: {"codResponse":"00","msjResponse":"TRANSACCIÓN OK"}
[2023-08-07 04:32:50] [OK] ..:save_score:..
[2023-08-07 04:32:50] [OK] Inicio de operación
[2023-08-07 04:32:50] [OK] entrada: null
[2023-08-07 04:32:50] [OK] Respuesta: {"codResponse":"99","msjResponse":"Faltan datos"}
[2023-08-07 04:32:50] [OK] ..:save_score:..
[2023-08-07 04:32:50] [OK] Inicio de operación
[2023-08-07 04:32:50] [OK] entrada: {"id_estudiante":999,"curso":"5","unidad":"unidad 2","juego":"seleccione_palabra_correcta","puntaje":12}
[2023-08-07 04:32:50] [OK] Respuesta: {"codResponse":"00","msjResponse":"TRANSACCIÓN OK"}
[2023-08-07 04:32:57] [OK] ..:save_score:..
[2023-08-07 04:32:57] [OK] Inicio de operación
[2023-08-07 04:32:57] [OK] entrada: null
[2023-08-07 04:32:57] [OK] Respuesta: {"codResponse":"99","msjResponse":"Faltan datos"}
[2023-08-07 04:32:57] [OK] ..:save_score:..
[2023-08-07 04:32:57] [OK] Inicio de operación
[2023-08-07 04:32:57] [OK] entrada: {"id_estudiante":999,"curso":"5","unidad":"unidad 2","juego":"seleccione_palabra_correcta","puntaje":15}
[2023-08-07 04:32:57] [OK] Respuesta: {"codResponse":"00","msjResponse":"TRANSACCIÓN OK"}
[2023-08-07 04:36:27] [OK] ..:save_score:..
[2023-08-07 04:36:27] [OK] Inicio de operación
[2023-08-07 04:36:27] [OK] entrada: null
[2023-08-07 04:36:27] [OK] Respuesta: {"codResponse":"99","msjResponse":"Faltan datos"}
[2023-08-07 04:36:27] [OK] ..:save_score:..
[2023-08-07 04:36:27] [OK] Inicio de operación
[2023-08-07 04:36:27] [OK] entrada: {"id_estudiante":999,"curso":"5","unidad":"unidad 2","juego":"seleccione_palabra_correcta","puntaje":0}
[2023-08-07 04:36:27] [OK] Respuesta: {"codResponse":"00","msjResponse":"TRANSACCIÓN OK"}
[2023-08-07 04:36:37] [OK] ..:save_score:..
[2023-08-07 04:36:37] [OK] Inicio de operación
[2023-08-07 04:36:37] [OK] entrada: null
[2023-08-07 04:36:37] [OK] Respuesta: {"codResponse":"99","msjResponse":"Faltan datos"}
[2023-08-07 04:36:37] [OK] ..:save_score:..
[2023-08-07 04:36:37] [OK] Inicio de operación
[2023-08-07 04:36:37] [OK] entrada: {"id_estudiante":999,"curso":"5","unidad":"unidad 2","juego":"seleccione_palabra_correcta","puntaje":0}
[2023-08-07 04:36:37] [OK] Respuesta: {"codResponse":"00","msjResponse":"TRANSACCIÓN OK"}
[2023-08-07 04:36:43] [OK] ..:save_score:..
[2023-08-07 04:36:43] [OK] Inicio de operación
[2023-08-07 04:36:43] [OK] entrada: null
[2023-08-07 04:36:43] [OK] Respuesta: {"codResponse":"99","msjResponse":"Faltan datos"}
[2023-08-07 04:36:43] [OK] ..:save_score:..
[2023-08-07 04:36:43] [OK] Inicio de operación
[2023-08-07 04:36:43] [OK] entrada: {"id_estudiante":999,"curso":"5","unidad":"unidad 2","juego":"seleccione_palabra_correcta","puntaje":0}
[2023-08-07 04:36:43] [OK] Respuesta: {"codResponse":"00","msjResponse":"TRANSACCIÓN OK"}
[2023-08-07 04:36:48] [OK] ..:save_score:..
[2023-08-07 04:36:48] [OK] Inicio de operación
[2023-08-07 04:36:48] [OK] entrada: null
[2023-08-07 04:36:48] [OK] Respuesta: {"codResponse":"99","msjResponse":"Faltan datos"}
[2023-08-07 04:36:48] [OK] ..:save_score:..
[2023-08-07 04:36:48] [OK] Inicio de operación
[2023-08-07 04:36:48] [OK] entrada: {"id_estudiante":999,"curso":"5","unidad":"unidad 2","juego":"seleccione_palabra_correcta","puntaje":5}
[2023-08-07 04:36:48] [OK] Respuesta: {"codResponse":"00","msjResponse":"TRANSACCIÓN OK"}
[2023-08-07 04:36:56] [OK] ..:save_score:..
[2023-08-07 04:36:56] [OK] Inicio de operación
[2023-08-07 04:36:56] [OK] entrada: null
[2023-08-07 04:36:56] [OK] Respuesta: {"codResponse":"99","msjResponse":"Faltan datos"}
[2023-08-07 04:36:56] [OK] ..:save_score:..
[2023-08-07 04:36:56] [OK] Inicio de operación
[2023-08-07 04:36:56] [OK] entrada: {"id_estudiante":999,"curso":"5","unidad":"unidad 2","juego":"seleccione_palabra_correcta","puntaje":5}
[2023-08-07 04:36:56] [OK] Respuesta: {"codResponse":"00","msjResponse":"TRANSACCIÓN OK"}
[2023-08-07 04:37:01] [OK] ..:save_score:..
[2023-08-07 04:37:01] [OK] Inicio de operación
[2023-08-07 04:37:01] [OK] entrada: null
[2023-08-07 04:37:01] [OK] Respuesta: {"codResponse":"99","msjResponse":"Faltan datos"}
[2023-08-07 04:37:01] [OK] ..:save_score:..
[2023-08-07 04:37:01] [OK] Inicio de operación
[2023-08-07 04:37:01] [OK] entrada: {"id_estudiante":999,"curso":"5","unidad":"unidad 2","juego":"seleccione_palabra_correcta","puntaje":5}
[2023-08-07 04:37:01] [OK] Respuesta: {"codResponse":"00","msjResponse":"TRANSACCIÓN OK"}
[2023-08-07 04:37:06] [OK] ..:save_score:..
[2023-08-07 04:37:06] [OK] Inicio de operación
[2023-08-07 04:37:06] [OK] entrada: null
[2023-08-07 04:37:06] [OK] Respuesta: {"codResponse":"99","msjResponse":"Faltan datos"}
[2023-08-07 04:37:06] [OK] ..:save_score:..
[2023-08-07 04:37:06] [OK] Inicio de operación
[2023-08-07 04:37:06] [OK] entrada: {"id_estudiante":999,"curso":"5","unidad":"unidad 2","juego":"seleccione_palabra_correcta","puntaje":15}
[2023-08-07 04:37:06] [OK] Respuesta: {"codResponse":"00","msjResponse":"TRANSACCIÓN OK"}
[2023-08-07 04:37:11] [OK] ..:save_score:..
[2023-08-07 04:37:11] [OK] Inicio de operación
[2023-08-07 04:37:11] [OK] entrada: null
[2023-08-07 04:37:11] [OK] Respuesta: {"codResponse":"99","msjResponse":"Faltan datos"}
[2023-08-07 04:37:11] [OK] ..:save_score:..
[2023-08-07 04:37:11] [OK] Inicio de operación
[2023-08-07 04:37:11] [OK] entrada: {"id_estudiante":999,"curso":"5","unidad":"unidad 2","juego":"seleccione_palabra_correcta","puntaje":15}
[2023-08-07 04:37:11] [OK] Respuesta: {"codResponse":"00","msjResponse":"TRANSACCIÓN OK"}
[2023-08-07 04:37:17] [OK] ..:save_score:..
[2023-08-07 04:37:17] [OK] Inicio de operación
[2023-08-07 04:37:17] [OK] entrada: null
[2023-08-07 04:37:17] [OK] Respuesta: {"codResponse":"99","msjResponse":"Faltan datos"}
[2023-08-07 04:37:17] [OK] ..:save_score:..
[2023-08-07 04:37:17] [OK] Inicio de operación
[2023-08-07 04:37:17] [OK] entrada: {"id_estudiante":999,"curso":"5","unidad":"unidad 2","juego":"seleccione_palabra_correcta","puntaje":10}
[2023-08-07 04:37:17] [OK] Respuesta: {"codResponse":"00","msjResponse":"TRANSACCIÓN OK"}
[2023-08-07 04:37:21] [OK] ..:save_score:..
[2023-08-07 04:37:21] [OK] Inicio de operación
[2023-08-07 04:37:21] [OK] entrada: null
[2023-08-07 04:37:21] [OK] Respuesta: {"codResponse":"99","msjResponse":"Faltan datos"}
[2023-08-07 04:37:21] [OK] ..:save_score:..
[2023-08-07 04:37:21] [OK] Inicio de operación
[2023-08-07 04:37:21] [OK] entrada: {"id_estudiante":999,"curso":"5","unidad":"unidad 2","juego":"seleccione_palabra_correcta","puntaje":5}
[2023-08-07 04:37:21] [OK] Respuesta: {"codResponse":"00","msjResponse":"TRANSACCIÓN OK"}
[2023-08-07 04:37:26] [OK] ..:save_score:..
[2023-08-07 04:37:26] [OK] Inicio de operación
[2023-08-07 04:37:26] [OK] entrada: null
[2023-08-07 04:37:26] [OK] Respuesta: {"codResponse":"99","msjResponse":"Faltan datos"}
[2023-08-07 04:37:26] [OK] ..:save_score:..
[2023-08-07 04:37:26] [OK] Inicio de operación
[2023-08-07 04:37:26] [OK] entrada: {"id_estudiante":999,"curso":"5","unidad":"unidad 2","juego":"seleccione_palabra_correcta","puntaje":10}
[2023-08-07 04:37:26] [OK] Respuesta: {"codResponse":"00","msjResponse":"TRANSACCIÓN OK"}
[2023-08-07 04:37:30] [OK] ..:save_score:..
[2023-08-07 04:37:30] [OK] Inicio de operación
[2023-08-07 04:37:30] [OK] entrada: null
[2023-08-07 04:37:30] [OK] Respuesta: {"codResponse":"99","msjResponse":"Faltan datos"}
[2023-08-07 04:37:30] [OK] ..:save_score:..
[2023-08-07 04:37:30] [OK] Inicio de operación
[2023-08-07 04:37:30] [OK] entrada: {"id_estudiante":999,"curso":"5","unidad":"unidad 2","juego":"seleccione_palabra_correcta","puntaje":5}
[2023-08-07 04:37:30] [OK] Respuesta: {"codResponse":"00","msjResponse":"TRANSACCIÓN OK"}
[2023-08-07 04:37:47] [OK] ..:save_score:..
[2023-08-07 04:37:47] [OK] Inicio de operación
[2023-08-07 04:37:47] [OK] entrada: null
[2023-08-07 04:37:47] [OK] Respuesta: {"codResponse":"99","msjResponse":"Faltan datos"}
[2023-08-07 04:37:47] [OK] ..:save_score:..
[2023-08-07 04:37:47] [OK] Inicio de operación
[2023-08-07 04:37:47] [OK] entrada: {"id_estudiante":999,"curso":"5","unidad":"unidad 2","juego":"seleccione_palabra_correcta","puntaje":5}
[2023-08-07 04:37:47] [OK] Respuesta: {"codResponse":"00","msjResponse":"TRANSACCIÓN OK"}
[2023-08-07 04:37:50] [OK] ..:save_score:..
[2023-08-07 04:37:50] [OK] Inicio de operación
[2023-08-07 04:37:50] [OK] entrada: null
[2023-08-07 04:37:50] [OK] Respuesta: {"codResponse":"99","msjResponse":"Faltan datos"}
[2023-08-07 04:37:50] [OK] ..:save_score:..
[2023-08-07 04:37:50] [OK] Inicio de operación
[2023-08-07 04:37:50] [OK] entrada: {"id_estudiante":999,"curso":"5","unidad":"unidad 2","juego":"seleccione_palabra_correcta","puntaje":10}
[2023-08-07 04:37:50] [OK] Respuesta: {"codResponse":"00","msjResponse":"TRANSACCIÓN OK"}
[2023-08-07 04:38:51] [OK] ..:save_score:..
[2023-08-07 04:38:51] [OK] Inicio de operación
[2023-08-07 04:38:51] [OK] entrada: null
[2023-08-07 04:38:51] [OK] Respuesta: {"codResponse":"99","msjResponse":"Faltan datos"}
[2023-08-07 04:38:51] [OK] ..:save_score:..
[2023-08-07 04:38:51] [OK] Inicio de operación
[2023-08-07 04:38:51] [OK] entrada: {"id_estudiante":999,"curso":"5","unidad":"unidad 2","juego":"seleccione_palabra_correcta","puntaje":0}
[2023-08-07 04:38:51] [OK] Respuesta: {"codResponse":"00","msjResponse":"TRANSACCIÓN OK"}
[2023-08-07 04:38:56] [OK] ..:save_score:..
[2023-08-07 04:38:56] [OK] Inicio de operación
[2023-08-07 04:38:56] [OK] entrada: null
[2023-08-07 04:38:56] [OK] Respuesta: {"codResponse":"99","msjResponse":"Faltan datos"}
[2023-08-07 04:38:56] [OK] ..:save_score:..
[2023-08-07 04:38:56] [OK] Inicio de operación
[2023-08-07 04:38:56] [OK] entrada: {"id_estudiante":999,"curso":"5","unidad":"unidad 2","juego":"seleccione_palabra_correcta","puntaje":10}
[2023-08-07 04:38:56] [OK] Respuesta: {"codResponse":"00","msjResponse":"TRANSACCIÓN OK"}
[2023-08-07 04:43:43] [OK] ..:save_score:..
[2023-08-07 04:43:43] [OK] Inicio de operación
[2023-08-07 04:43:43] [OK] entrada: null
[2023-08-07 04:43:43] [OK] Respuesta: {"codResponse":"99","msjResponse":"Faltan datos"}
[2023-08-07 04:43:43] [OK] ..:save_score:..
[2023-08-07 04:43:43] [OK] Inicio de operación
[2023-08-07 04:43:43] [OK] entrada: {"id_estudiante":999,"curso":"5","unidad":"unidad 2","juego":"seleccione_palabra_correcta","puntaje":5}
[2023-08-07 04:43:43] [OK] Respuesta: {"codResponse":"00","msjResponse":"TRANSACCIÓN OK"}
[2023-08-07 04:50:15] [OK] ..:save_score:..
[2023-08-07 04:50:15] [OK] Inicio de operación
[2023-08-07 04:50:15] [OK] entrada: null
[2023-08-07 04:50:15] [OK] Respuesta: {"codResponse":"99","msjResponse":"Faltan datos"}
[2023-08-07 04:50:15] [OK] ..:save_score:..
[2023-08-07 04:50:16] [OK] Inicio de operación
[2023-08-07 04:50:16] [OK] entrada: {"id_estudiante":999,"curso":"5","unidad":"unidad 2","juego":"seleccione_palabra_correcta","puntaje":5}
[2023-08-07 04:50:16] [OK] Respuesta: {"codResponse":"00","msjResponse":"TRANSACCIÓN OK"}
[2023-08-07 04:50:23] [OK] ..:save_score:..
[2023-08-07 04:50:23] [OK] Inicio de operación
[2023-08-07 04:50:23] [OK] entrada: null
[2023-08-07 04:50:23] [OK] Respuesta: {"codResponse":"99","msjResponse":"Faltan datos"}
[2023-08-07 04:50:23] [OK] ..:save_score:..
[2023-08-07 04:50:23] [OK] Inicio de operación
[2023-08-07 04:50:23] [OK] entrada: {"id_estudiante":999,"curso":"5","unidad":"unidad 2","juego":"seleccione_palabra_correcta","puntaje":5}
[2023-08-07 04:50:23] [OK] Respuesta: {"codResponse":"00","msjResponse":"TRANSACCIÓN OK"}
[2023-08-07 04:50:27] [OK] ..:save_score:..
[2023-08-07 04:50:27] [OK] Inicio de operación
[2023-08-07 04:50:27] [OK] entrada: null
[2023-08-07 04:50:27] [OK] Respuesta: {"codResponse":"99","msjResponse":"Faltan datos"}
[2023-08-07 04:50:27] [OK] ..:save_score:..
[2023-08-07 04:50:27] [OK] Inicio de operación
[2023-08-07 04:50:27] [OK] entrada: {"id_estudiante":999,"curso":"5","unidad":"unidad 2","juego":"seleccione_palabra_correcta","puntaje":10}
[2023-08-07 04:50:27] [OK] Respuesta: {"codResponse":"00","msjResponse":"TRANSACCIÓN OK"}
[2023-08-07 04:50:37] [OK] ..:save_score:..
[2023-08-07 04:50:37] [OK] Inicio de operación
[2023-08-07 04:50:37] [OK] entrada: null
[2023-08-07 04:50:37] [OK] Respuesta: {"codResponse":"99","msjResponse":"Faltan datos"}
[2023-08-07 04:50:37] [OK] ..:save_score:..
[2023-08-07 04:50:37] [OK] Inicio de operación
[2023-08-07 04:50:37] [OK] entrada: {"id_estudiante":999,"curso":"5","unidad":"unidad 2","juego":"seleccione_palabra_correcta","puntaje":5}
[2023-08-07 04:50:37] [OK] Respuesta: {"codResponse":"00","msjResponse":"TRANSACCIÓN OK"}
[2023-08-07 04:51:15] [OK] ..:save_score:..
[2023-08-07 04:51:15] [OK] Inicio de operación
[2023-08-07 04:51:15] [OK] entrada: null
[2023-08-07 04:51:15] [OK] Respuesta: {"codResponse":"99","msjResponse":"Faltan datos"}
[2023-08-07 04:51:15] [OK] ..:save_score:..
[2023-08-07 04:51:15] [OK] Inicio de operación
[2023-08-07 04:51:15] [OK] entrada: {"id_estudiante":999,"curso":"5","unidad":"unidad 2","juego":"seleccione_palabra_correcta","puntaje":5}
[2023-08-07 04:51:15] [OK] Respuesta: {"codResponse":"00","msjResponse":"TRANSACCIÓN OK"}
[2023-08-07 04:52:12] [OK] ..:save_score:..
[2023-08-07 04:52:12] [OK] Inicio de operación
[2023-08-07 04:52:12] [OK] entrada: null
[2023-08-07 04:52:12] [OK] Respuesta: {"codResponse":"99","msjResponse":"Faltan datos"}
[2023-08-07 04:52:12] [OK] ..:save_score:..
[2023-08-07 04:52:12] [OK] Inicio de operación
[2023-08-07 04:52:12] [OK] entrada: {"id_estudiante":999,"curso":"5","unidad":"unidad 2","juego":"seleccione_palabra_correcta","puntaje":5}
[2023-08-07 04:52:12] [OK] Respuesta: {"codResponse":"00","msjResponse":"TRANSACCIÓN OK"}
[2023-08-07 04:52:17] [OK] ..:save_score:..
[2023-08-07 04:52:17] [OK] Inicio de operación
[2023-08-07 04:52:17] [OK] entrada: null
[2023-08-07 04:52:17] [OK] Respuesta: {"codResponse":"99","msjResponse":"Faltan datos"}
[2023-08-07 04:52:17] [OK] ..:save_score:..
[2023-08-07 04:52:17] [OK] Inicio de operación
[2023-08-07 04:52:17] [OK] entrada: {"id_estudiante":999,"curso":"5","unidad":"unidad 2","juego":"seleccione_palabra_correcta","puntaje":2}
[2023-08-07 04:52:17] [OK] Respuesta: {"codResponse":"00","msjResponse":"TRANSACCIÓN OK"}
[2023-08-07 04:52:21] [OK] ..:save_score:..
[2023-08-07 04:52:21] [OK] Inicio de operación
[2023-08-07 04:52:21] [OK] entrada: null
[2023-08-07 04:52:21] [OK] Respuesta: {"codResponse":"99","msjResponse":"Faltan datos"}
[2023-08-07 04:52:21] [OK] ..:save_score:..
[2023-08-07 04:52:21] [OK] Inicio de operación
[2023-08-07 04:52:21] [OK] entrada: {"id_estudiante":999,"curso":"5","unidad":"unidad 2","juego":"seleccione_palabra_correcta","puntaje":5}
[2023-08-07 04:52:21] [OK] Respuesta: {"codResponse":"00","msjResponse":"TRANSACCIÓN OK"}
[2023-08-07 04:52:30] [OK] ..:save_score:..
[2023-08-07 04:52:30] [OK] Inicio de operación
[2023-08-07 04:52:30] [OK] entrada: null
[2023-08-07 04:52:30] [OK] Respuesta: {"codResponse":"99","msjResponse":"Faltan datos"}
[2023-08-07 04:52:30] [OK] ..:save_score:..
[2023-08-07 04:52:30] [OK] Inicio de operación
[2023-08-07 04:52:30] [OK] entrada: {"id_estudiante":999,"curso":"5","unidad":"unidad 2","juego":"seleccione_palabra_correcta","puntaje":10}
[2023-08-07 04:52:30] [OK] Respuesta: {"codResponse":"00","msjResponse":"TRANSACCIÓN OK"}
[2023-08-07 04:52:41] [OK] ..:save_score:..
[2023-08-07 04:52:41] [OK] Inicio de operación
[2023-08-07 04:52:41] [OK] entrada: null
[2023-08-07 04:52:41] [OK] Respuesta: {"codResponse":"99","msjResponse":"Faltan datos"}
[2023-08-07 04:52:41] [OK] ..:save_score:..
[2023-08-07 04:52:41] [OK] Inicio de operación
[2023-08-07 04:52:41] [OK] entrada: {"id_estudiante":4,"curso":"5","unidad":"unidad 2","juego":"arrastra_palabra_correcta","puntaje":0}
[2023-08-07 04:52:41] [OK] Respuesta: {"codResponse":"00","msjResponse":"TRANSACCIÓN OK"}
[2023-08-07 04:52:50] [OK] ..:save_score:..
[2023-08-07 04:52:50] [OK] Inicio de operación
[2023-08-07 04:52:50] [OK] entrada: null
[2023-08-07 04:52:50] [OK] Respuesta: {"codResponse":"99","msjResponse":"Faltan datos"}
[2023-08-07 04:52:50] [OK] ..:save_score:..
[2023-08-07 04:52:50] [OK] Inicio de operación
[2023-08-07 04:52:50] [OK] entrada: {"id_estudiante":4,"curso":"5","unidad":"unidad 2","juego":"arrastra_palabra_correcta","puntaje":0}
[2023-08-07 04:52:50] [OK] Respuesta: {"codResponse":"00","msjResponse":"TRANSACCIÓN OK"}
[2023-08-07 04:57:44] [OK] ..:save_score:..
[2023-08-07 04:57:44] [OK] Inicio de operación
[2023-08-07 04:57:44] [OK] entrada: null
[2023-08-07 04:57:44] [OK] Respuesta: {"codResponse":"99","msjResponse":"Faltan datos"}
[2023-08-07 04:57:44] [OK] ..:save_score:..
[2023-08-07 04:57:44] [OK] Inicio de operación
[2023-08-07 04:57:44] [OK] entrada: {"id_estudiante":4,"curso":"5","unidad":"unidad 2","juego":"arrastra_palabra_correcta","puntaje":0}
[2023-08-07 04:57:44] [OK] Respuesta: {"codResponse":"00","msjResponse":"TRANSACCIÓN OK"}
[2023-08-07 04:59:42] [OK] ..:save_score:..
[2023-08-07 04:59:42] [OK] Inicio de operación
[2023-08-07 04:59:42] [OK] entrada: null
[2023-08-07 04:59:42] [OK] Respuesta: {"codResponse":"99","msjResponse":"Faltan datos"}
[2023-08-07 04:59:42] [OK] ..:save_score:..
[2023-08-07 04:59:42] [OK] Inicio de operación
[2023-08-07 04:59:42] [OK] entrada: {"id_estudiante":4,"curso":"5","unidad":"unidad 2","juego":"arrastra_palabra_correcta","puntaje":0}
[2023-08-07 04:59:42] [OK] Respuesta: {"codResponse":"00","msjResponse":"TRANSACCIÓN OK"}
[2023-08-07 05:00:12] [OK] ..:save_score:..
[2023-08-07 05:00:12] [OK] Inicio de operación
[2023-08-07 05:00:12] [OK] entrada: null
[2023-08-07 05:00:12] [OK] Respuesta: {"codResponse":"99","msjResponse":"Faltan datos"}
[2023-08-07 05:00:12] [OK] ..:save_score:..
[2023-08-07 05:00:12] [OK] Inicio de operación
[2023-08-07 05:00:12] [OK] entrada: {"id_estudiante":4,"curso":"5","unidad":"unidad 2","juego":"arrastra_palabra_correcta","puntaje":0}
[2023-08-07 05:00:12] [OK] Respuesta: {"codResponse":"00","msjResponse":"TRANSACCIÓN OK"}
[2023-08-07 05:03:34] [OK] ..:save_score:..
[2023-08-07 05:03:34] [OK] Inicio de operación
[2023-08-07 05:03:34] [OK] entrada: null
[2023-08-07 05:03:34] [OK] Respuesta: {"codResponse":"99","msjResponse":"Faltan datos"}
[2023-08-07 05:03:34] [OK] ..:save_score:..
[2023-08-07 05:03:34] [OK] Inicio de operación
[2023-08-07 05:03:34] [OK] entrada: {"id_estudiante":4,"curso":"5","unidad":"unidad 3","juego":"asociar_imagen","puntaje":2}
[2023-08-07 05:03:34] [OK] Respuesta: {"codResponse":"00","msjResponse":"TRANSACCIÓN OK"}
[2023-08-07 05:04:06] [OK] ..:save_score:..
[2023-08-07 05:04:06] [OK] Inicio de operación
[2023-08-07 05:04:06] [OK] entrada: null
[2023-08-07 05:04:06] [OK] Respuesta: {"codResponse":"99","msjResponse":"Faltan datos"}
[2023-08-07 05:04:06] [OK] ..:save_score:..
[2023-08-07 05:04:06] [OK] Inicio de operación
[2023-08-07 05:04:06] [OK] entrada: {"id_estudiante":4,"curso":"5","unidad":"unidad 3","juego":"asociar_imagen","puntaje":2}
[2023-08-07 05:04:06] [OK] Respuesta: {"codResponse":"00","msjResponse":"TRANSACCIÓN OK"}
[2023-08-07 05:04:12] [OK] ..:save_score:..
[2023-08-07 05:04:12] [OK] Inicio de operación
[2023-08-07 05:04:12] [OK] entrada: null
[2023-08-07 05:04:12] [OK] Respuesta: {"codResponse":"99","msjResponse":"Faltan datos"}
[2023-08-07 05:04:12] [OK] ..:save_score:..
[2023-08-07 05:04:12] [OK] Inicio de operación
[2023-08-07 05:04:12] [OK] entrada: {"id_estudiante":4,"curso":"5","unidad":"unidad 3","juego":"asociar_imagen","puntaje":4}
[2023-08-07 05:04:12] [OK] Respuesta: {"codResponse":"00","msjResponse":"TRANSACCIÓN OK"}
[2023-08-07 05:04:31] [OK] ..:save_score:..
[2023-08-07 05:04:31] [OK] Inicio de operación
[2023-08-07 05:04:31] [OK] entrada: null
[2023-08-07 05:04:31] [OK] Respuesta: {"codResponse":"99","msjResponse":"Faltan datos"}
[2023-08-07 05:04:31] [OK] ..:save_score:..
[2023-08-07 05:04:31] [OK] Inicio de operación
[2023-08-07 05:04:31] [OK] entrada: {"id_estudiante":4,"curso":"5","unidad":"unidad 3","juego":"asociar_imagen","puntaje":12}
[2023-08-07 05:04:31] [OK] Respuesta: {"codResponse":"00","msjResponse":"TRANSACCIÓN OK"}
[2023-08-07 05:06:55] [OK] ..:save_score:..
[2023-08-07 05:06:55] [OK] Inicio de operación
[2023-08-07 05:06:55] [OK] entrada: null
[2023-08-07 05:06:55] [OK] Respuesta: {"codResponse":"99","msjResponse":"Faltan datos"}
[2023-08-07 05:06:55] [OK] ..:save_score:..
[2023-08-07 05:06:55] [OK] Inicio de operación
[2023-08-07 05:06:55] [OK] entrada: {"id_estudiante":4,"curso":"5","unidad":"unidad 3","juego":"asociar_imagen","puntaje":1}
[2023-08-07 05:06:55] [OK] Respuesta: {"codResponse":"00","msjResponse":"TRANSACCIÓN OK"}
[2023-08-07 05:07:03] [OK] ..:save_score:..
[2023-08-07 05:07:03] [OK] Inicio de operación
[2023-08-07 05:07:03] [OK] entrada: null
[2023-08-07 05:07:03] [OK] Respuesta: {"codResponse":"99","msjResponse":"Faltan datos"}
[2023-08-07 05:07:03] [OK] ..:save_score:..
[2023-08-07 05:07:03] [OK] Inicio de operación
[2023-08-07 05:07:03] [OK] entrada: {"id_estudiante":4,"curso":"5","unidad":"unidad 3","juego":"ejercicio2","puntaje":5}
[2023-08-07 05:07:03] [OK] Respuesta: {"codResponse":"00","msjResponse":"TRANSACCIÓN OK"}
[2023-08-07 05:07:34] [OK] ..:save_score:..
[2023-08-07 05:07:34] [OK] Inicio de operación
[2023-08-07 05:07:34] [OK] entrada: null
[2023-08-07 05:07:34] [OK] Respuesta: {"codResponse":"99","msjResponse":"Faltan datos"}
[2023-08-07 05:07:34] [OK] ..:save_score:..
[2023-08-07 05:07:34] [OK] Inicio de operación
[2023-08-07 05:07:34] [OK] entrada: {"id_estudiante":4,"curso":"5","unidad":"unidad 3","juego":"ejercicio2","puntaje":9}
[2023-08-07 05:07:34] [OK] Respuesta: {"codResponse":"00","msjResponse":"TRANSACCIÓN OK"}
[2023-08-07 05:07:41] [OK] ..:save_score:..
[2023-08-07 05:07:41] [OK] Inicio de operación
[2023-08-07 05:07:41] [OK] entrada: null
[2023-08-07 05:07:41] [OK] Respuesta: {"codResponse":"99","msjResponse":"Faltan datos"}
[2023-08-07 05:07:41] [OK] ..:save_score:..
[2023-08-07 05:07:41] [OK] Inicio de operación
[2023-08-07 05:07:41] [OK] entrada: {"id_estudiante":4,"curso":"5","unidad":"unidad 3","juego":"ejercicio2","puntaje":9}
[2023-08-07 05:07:41] [OK] Respuesta: {"codResponse":"00","msjResponse":"TRANSACCIÓN OK"}
[2023-08-07 05:07:58] [OK] ..:save_score:..
[2023-08-07 05:07:58] [OK] Inicio de operación
[2023-08-07 05:07:58] [OK] entrada: null
[2023-08-07 05:07:58] [OK] Respuesta: {"codResponse":"99","msjResponse":"Faltan datos"}
[2023-08-07 05:07:58] [OK] ..:save_score:..
[2023-08-07 05:07:58] [OK] Inicio de operación
[2023-08-07 05:07:58] [OK] entrada: {"id_estudiante":4,"curso":"5","unidad":"unidad 3","juego":"ejercicio2","puntaje":9}
[2023-08-07 05:07:58] [OK] Respuesta: {"codResponse":"00","msjResponse":"TRANSACCIÓN OK"}
[2023-08-07 05:08:03] [OK] ..:save_score:..
[2023-08-07 05:08:03] [OK] Inicio de operación
[2023-08-07 05:08:03] [OK] entrada: null
[2023-08-07 05:08:03] [OK] Respuesta: {"codResponse":"99","msjResponse":"Faltan datos"}
[2023-08-07 05:08:03] [OK] ..:save_score:..
[2023-08-07 05:08:03] [OK] Inicio de operación
[2023-08-07 05:08:03] [OK] entrada: {"id_estudiante":4,"curso":"5","unidad":"unidad 3","juego":"ejercicio2","puntaje":8}
[2023-08-07 05:08:03] [OK] Respuesta: {"codResponse":"00","msjResponse":"TRANSACCIÓN OK"}
[2023-08-07 05:08:08] [OK] ..:save_score:..
[2023-08-07 05:08:08] [OK] Inicio de operación
[2023-08-07 05:08:08] [OK] entrada: null
[2023-08-07 05:08:08] [OK] Respuesta: {"codResponse":"99","msjResponse":"Faltan datos"}
[2023-08-07 05:08:08] [OK] ..:save_score:..
[2023-08-07 05:08:08] [OK] Inicio de operación
[2023-08-07 05:08:08] [OK] entrada: {"id_estudiante":4,"curso":"5","unidad":"unidad 3","juego":"ejercicio2","puntaje":9}
[2023-08-07 05:08:08] [OK] Respuesta: {"codResponse":"00","msjResponse":"TRANSACCIÓN OK"}
[2023-08-07 05:08:12] [OK] ..:save_score:..
[2023-08-07 05:08:12] [OK] Inicio de operación
[2023-08-07 05:08:12] [OK] entrada: null
[2023-08-07 05:08:12] [OK] Respuesta: {"codResponse":"99","msjResponse":"Faltan datos"}
[2023-08-07 05:08:12] [OK] ..:save_score:..
[2023-08-07 05:08:12] [OK] Inicio de operación
[2023-08-07 05:08:12] [OK] entrada: {"id_estudiante":4,"curso":"5","unidad":"unidad 3","juego":"ejercicio2","puntaje":9}
[2023-08-07 05:08:12] [OK] Respuesta: {"codResponse":"00","msjResponse":"TRANSACCIÓN OK"}
[2023-08-07 05:08:15] [OK] ..:save_score:..
[2023-08-07 05:08:15] [OK] Inicio de operación
[2023-08-07 05:08:15] [OK] entrada: null
[2023-08-07 05:08:15] [OK] Respuesta: {"codResponse":"99","msjResponse":"Faltan datos"}
[2023-08-07 05:08:15] [OK] ..:save_score:..
[2023-08-07 05:08:15] [OK] Inicio de operación
[2023-08-07 05:08:15] [OK] entrada: {"id_estudiante":4,"curso":"5","unidad":"unidad 3","juego":"ejercicio2","puntaje":9}
[2023-08-07 05:08:15] [OK] Respuesta: {"codResponse":"00","msjResponse":"TRANSACCIÓN OK"}
[2023-08-07 05:16:03] [OK] ..:save_score:..
[2023-08-07 05:16:03] [OK] Inicio de operación
[2023-08-07 05:16:03] [OK] entrada: null
[2023-08-07 05:16:03] [OK] Respuesta: {"codResponse":"99","msjResponse":"Faltan datos"}
[2023-08-07 05:16:03] [OK] ..:save_score:..
[2023-08-07 05:16:03] [OK] Inicio de operación
[2023-08-07 05:16:03] [OK] entrada: {"id_estudiante":4,"curso":"5","unidad":"unidad 3","juego":"ejercicio2","puntaje":6}
[2023-08-07 05:16:03] [OK] Respuesta: {"codResponse":"00","msjResponse":"TRANSACCIÓN OK"}
[2023-08-07 05:16:06] [OK] ..:save_score:..
[2023-08-07 05:16:06] [OK] Inicio de operación
[2023-08-07 05:16:06] [OK] entrada: null
[2023-08-07 05:16:06] [OK] Respuesta: {"codResponse":"99","msjResponse":"Faltan datos"}
[2023-08-07 05:16:07] [OK] ..:save_score:..
[2023-08-07 05:16:07] [OK] Inicio de operación
[2023-08-07 05:16:07] [OK] entrada: {"id_estudiante":4,"curso":"5","unidad":"unidad 3","juego":"ejercicio2","puntaje":6}
[2023-08-07 05:16:07] [OK] Respuesta: {"codResponse":"00","msjResponse":"TRANSACCIÓN OK"}
[2023-08-07 05:16:27] [OK] ..:save_score:..
[2023-08-07 05:16:27] [OK] Inicio de operación
[2023-08-07 05:16:27] [OK] entrada: null
[2023-08-07 05:16:27] [OK] Respuesta: {"codResponse":"99","msjResponse":"Faltan datos"}
[2023-08-07 05:16:27] [OK] ..:save_score:..
[2023-08-07 05:16:27] [OK] Inicio de operación
[2023-08-07 05:16:27] [OK] entrada: {"id_estudiante":4,"curso":"5","unidad":"unidad 3","juego":"ejercicio2","puntaje":6}
[2023-08-07 05:16:27] [OK] Respuesta: {"codResponse":"00","msjResponse":"TRANSACCIÓN OK"}
[2023-08-07 05:16:34] [OK] ..:save_score:..
[2023-08-07 05:16:34] [OK] Inicio de operación
[2023-08-07 05:16:34] [OK] entrada: null
[2023-08-07 05:16:34] [OK] Respuesta: {"codResponse":"99","msjResponse":"Faltan datos"}
[2023-08-07 05:16:34] [OK] ..:save_score:..
[2023-08-07 05:16:34] [OK] Inicio de operación
[2023-08-07 05:16:34] [OK] entrada: {"id_estudiante":4,"curso":"5","unidad":"unidad 3","juego":"rima_escrita_correctamente","puntaje":0}
[2023-08-07 05:16:34] [OK] Respuesta: {"codResponse":"00","msjResponse":"TRANSACCIÓN OK"}
[2023-08-07 05:16:40] [OK] ..:save_score:..
[2023-08-07 05:16:40] [OK] Inicio de operación
[2023-08-07 05:16:40] [OK] entrada: null
[2023-08-07 05:16:40] [OK] Respuesta: {"codResponse":"99","msjResponse":"Faltan datos"}
[2023-08-07 05:16:40] [OK] ..:save_score:..
[2023-08-07 05:16:40] [OK] Inicio de operación
[2023-08-07 05:16:40] [OK] entrada: {"id_estudiante":4,"curso":"5","unidad":"unidad 3","juego":"rima_escrita_correctamente","puntaje":0}
[2023-08-07 05:16:40] [OK] Respuesta: {"codResponse":"00","msjResponse":"TRANSACCIÓN OK"}
[2023-08-07 05:16:50] [OK] ..:save_score:..
[2023-08-07 05:16:50] [OK] Inicio de operación
[2023-08-07 05:16:50] [OK] entrada: null
[2023-08-07 05:16:50] [OK] Respuesta: {"codResponse":"99","msjResponse":"Faltan datos"}
[2023-08-07 05:16:50] [OK] ..:save_score:..
[2023-08-07 05:16:50] [OK] Inicio de operación
[2023-08-07 05:16:50] [OK] entrada: {"id_estudiante":4,"curso":"5","unidad":"unidad 3","juego":"rima_escrita_correctamente","puntaje":0}
[2023-08-07 05:16:50] [OK] Respuesta: {"codResponse":"00","msjResponse":"TRANSACCIÓN OK"}
[2023-08-07 05:17:04] [OK] ..:save_score:..
[2023-08-07 05:17:04] [OK] Inicio de operación
[2023-08-07 05:17:04] [OK] entrada: null
[2023-08-07 05:17:04] [OK] Respuesta: {"codResponse":"99","msjResponse":"Faltan datos"}
[2023-08-07 05:17:04] [OK] ..:save_score:..
[2023-08-07 05:17:04] [OK] Inicio de operación
[2023-08-07 05:17:04] [OK] entrada: {"id_estudiante":4,"curso":"5","unidad":"unidad 3","juego":"rima_escrita_correctamente","puntaje":0}
[2023-08-07 05:17:04] [OK] Respuesta: {"codResponse":"00","msjResponse":"TRANSACCIÓN OK"}
[2023-08-07 05:20:43] [OK] ..:save_score:..
[2023-08-07 05:20:43] [OK] Inicio de operación
[2023-08-07 05:20:43] [OK] entrada: null
[2023-08-07 05:20:43] [OK] Respuesta: {"codResponse":"99","msjResponse":"Faltan datos"}
[2023-08-07 05:20:43] [OK] ..:save_score:..
[2023-08-07 05:20:43] [OK] Inicio de operación
[2023-08-07 05:20:43] [OK] entrada: {"id_estudiante":4,"curso":"5","unidad":"unidad 3","juego":"rima_escrita_correctamente","puntaje":0}
[2023-08-07 05:20:43] [OK] Respuesta: {"codResponse":"00","msjResponse":"TRANSACCIÓN OK"}
[2023-08-07 05:21:59] [OK] ..:save_score:..
[2023-08-07 05:21:59] [OK] Inicio de operación
[2023-08-07 05:21:59] [OK] entrada: null
[2023-08-07 05:21:59] [OK] Respuesta: {"codResponse":"99","msjResponse":"Faltan datos"}
[2023-08-07 05:21:59] [OK] ..:save_score:..
[2023-08-07 05:21:59] [OK] Inicio de operación
[2023-08-07 05:21:59] [OK] entrada: {"id_estudiante":4,"curso":"5","unidad":"unidad 3","juego":"rima_escrita_correctamente","puntaje":0}
[2023-08-07 05:21:59] [OK] Respuesta: {"codResponse":"00","msjResponse":"TRANSACCIÓN OK"}
[2023-08-07 05:22:06] [OK] ..:save_score:..
[2023-08-07 05:22:06] [OK] Inicio de operación
[2023-08-07 05:22:06] [OK] entrada: null
[2023-08-07 05:22:06] [OK] Respuesta: {"codResponse":"99","msjResponse":"Faltan datos"}
[2023-08-07 05:22:06] [OK] ..:save_score:..
[2023-08-07 05:22:06] [OK] Inicio de operación
[2023-08-07 05:22:06] [OK] entrada: {"id_estudiante":4,"curso":"5","unidad":"unidad 3","juego":"rima_escrita_correctamente","puntaje":0}
[2023-08-07 05:22:06] [OK] Respuesta: {"codResponse":"00","msjResponse":"TRANSACCIÓN OK"}
[2023-08-07 05:22:09] [OK] ..:save_score:..
[2023-08-07 05:22:09] [OK] Inicio de operación
[2023-08-07 05:22:09] [OK] entrada: null
[2023-08-07 05:22:09] [OK] Respuesta: {"codResponse":"99","msjResponse":"Faltan datos"}
[2023-08-07 05:22:09] [OK] ..:save_score:..
[2023-08-07 05:22:09] [OK] Inicio de operación
[2023-08-07 05:22:09] [OK] entrada: {"id_estudiante":4,"curso":"5","unidad":"unidad 3","juego":"rima_escrita_correctamente","puntaje":0}
[2023-08-07 05:22:09] [OK] Respuesta: {"codResponse":"00","msjResponse":"TRANSACCIÓN OK"}
[2023-08-07 05:22:13] [OK] ..:save_score:..
[2023-08-07 05:22:14] [OK] Inicio de operación
[2023-08-07 05:22:14] [OK] entrada: null
[2023-08-07 05:22:14] [OK] Respuesta: {"codResponse":"99","msjResponse":"Faltan datos"}
[2023-08-07 05:22:14] [OK] ..:save_score:..
[2023-08-07 05:22:14] [OK] Inicio de operación
[2023-08-07 05:22:14] [OK] entrada: {"id_estudiante":4,"curso":"5","unidad":"unidad 3","juego":"rima_escrita_correctamente","puntaje":0}
[2023-08-07 05:22:14] [OK] Respuesta: {"codResponse":"00","msjResponse":"TRANSACCIÓN OK"}
[2023-08-07 05:22:16] [OK] ..:save_score:..
[2023-08-07 05:22:16] [OK] Inicio de operación
[2023-08-07 05:22:16] [OK] entrada: null
[2023-08-07 05:22:16] [OK] Respuesta: {"codResponse":"99","msjResponse":"Faltan datos"}
[2023-08-07 05:22:16] [OK] ..:save_score:..
[2023-08-07 05:22:16] [OK] Inicio de operación
[2023-08-07 05:22:16] [OK] entrada: {"id_estudiante":4,"curso":"5","unidad":"unidad 3","juego":"rima_escrita_correctamente","puntaje":0}
[2023-08-07 05:22:16] [OK] Respuesta: {"codResponse":"00","msjResponse":"TRANSACCIÓN OK"}
[2023-08-07 05:22:42] [OK] ..:save_score:..
[2023-08-07 05:22:42] [OK] Inicio de operación
[2023-08-07 05:22:42] [OK] entrada: null
[2023-08-07 05:22:42] [OK] Respuesta: {"codResponse":"99","msjResponse":"Faltan datos"}
[2023-08-07 05:22:42] [OK] ..:save_score:..
[2023-08-07 05:22:42] [OK] Inicio de operación
[2023-08-07 05:22:42] [OK] entrada: {"id_estudiante":4,"curso":"5","unidad":"unidad 3","juego":"rima_escrita_correctamente","puntaje":0}
[2023-08-07 05:22:42] [OK] Respuesta: {"codResponse":"00","msjResponse":"TRANSACCIÓN OK"}
[2023-08-07 05:22:47] [OK] ..:save_score:..
[2023-08-07 05:22:47] [OK] Inicio de operación
[2023-08-07 05:22:47] [OK] entrada: null
[2023-08-07 05:22:47] [OK] Respuesta: {"codResponse":"99","msjResponse":"Faltan datos"}
[2023-08-07 05:22:47] [OK] ..:save_score:..
[2023-08-07 05:22:47] [OK] Inicio de operación
[2023-08-07 05:22:47] [OK] entrada: {"id_estudiante":4,"curso":"5","unidad":"unidad 3","juego":"rima_escrita_correctamente","puntaje":0}
[2023-08-07 05:22:47] [OK] Respuesta: {"codResponse":"00","msjResponse":"TRANSACCIÓN OK"}
[2023-08-07 05:22:51] [OK] ..:save_score:..
[2023-08-07 05:22:51] [OK] Inicio de operación
[2023-08-07 05:22:51] [OK] entrada: null
[2023-08-07 05:22:51] [OK] Respuesta: {"codResponse":"99","msjResponse":"Faltan datos"}
[2023-08-07 05:22:51] [OK] ..:save_score:..
[2023-08-07 05:22:51] [OK] Inicio de operación
[2023-08-07 05:22:51] [OK] entrada: {"id_estudiante":4,"curso":"5","unidad":"unidad 3","juego":"rima_escrita_correctamente","puntaje":0}
[2023-08-07 05:22:51] [OK] Respuesta: {"codResponse":"00","msjResponse":"TRANSACCIÓN OK"}
[2023-08-07 05:22:54] [OK] ..:save_score:..
[2023-08-07 05:22:54] [OK] Inicio de operación
[2023-08-07 05:22:54] [OK] entrada: null
[2023-08-07 05:22:55] [OK] Respuesta: {"codResponse":"99","msjResponse":"Faltan datos"}
[2023-08-07 05:22:55] [OK] ..:save_score:..
[2023-08-07 05:22:55] [OK] Inicio de operación
[2023-08-07 05:22:55] [OK] entrada: {"id_estudiante":4,"curso":"5","unidad":"unidad 3","juego":"rima_escrita_correctamente","puntaje":0}
[2023-08-07 05:22:55] [OK] Respuesta: {"codResponse":"00","msjResponse":"TRANSACCIÓN OK"}
[2023-08-07 05:22:57] [OK] ..:save_score:..
[2023-08-07 05:22:57] [OK] Inicio de operación
[2023-08-07 05:22:57] [OK] entrada: null
[2023-08-07 05:22:57] [OK] Respuesta: {"codResponse":"99","msjResponse":"Faltan datos"}
[2023-08-07 05:22:57] [OK] ..:save_score:..
[2023-08-07 05:22:57] [OK] Inicio de operación
[2023-08-07 05:22:57] [OK] entrada: {"id_estudiante":4,"curso":"5","unidad":"unidad 3","juego":"rima_escrita_correctamente","puntaje":0}
[2023-08-07 05:22:57] [OK] Respuesta: {"codResponse":"00","msjResponse":"TRANSACCIÓN OK"}
[2023-08-07 05:23:00] [OK] ..:save_score:..
[2023-08-07 05:23:00] [OK] Inicio de operación
[2023-08-07 05:23:00] [OK] entrada: null
[2023-08-07 05:23:00] [OK] Respuesta: {"codResponse":"99","msjResponse":"Faltan datos"}
[2023-08-07 05:23:00] [OK] ..:save_score:..
[2023-08-07 05:23:00] [OK] Inicio de operación
[2023-08-07 05:23:00] [OK] entrada: {"id_estudiante":4,"curso":"5","unidad":"unidad 3","juego":"rima_escrita_correctamente","puntaje":0}
[2023-08-07 05:23:00] [OK] Respuesta: {"codResponse":"00","msjResponse":"TRANSACCIÓN OK"}
[2023-08-07 05:24:29] [OK] ..:validar_usuario:..
[2023-08-07 05:24:29] [OK] Inicio de operacion op: consulta dealumno
[2023-08-07 05:27:57] [OK] ..:save_score:..
[2023-08-07 05:27:57] [OK] Inicio de operación
[2023-08-07 05:27:57] [OK] entrada: null
[2023-08-07 05:27:57] [OK] Respuesta: {"codResponse":"99","msjResponse":"Faltan datos"}
[2023-08-07 05:27:57] [OK] ..:save_score:..
[2023-08-07 05:27:57] [OK] Inicio de operación
[2023-08-07 05:27:57] [OK] entrada: {"id_estudiante":4,"curso":"5","unidad":"unidad 4","juego":"ejercicio2","puntaje":20}
[2023-08-07 05:27:57] [OK] Respuesta: {"codResponse":"00","msjResponse":"TRANSACCIÓN OK"}
