[2023-08-09 05:16:47] [OK] ..:validar_usuario:..
[2023-08-09 05:16:47] [OK] Inicio de operacion op: consulta dealumno
[2023-08-09 05:22:00] [OK] ..:validar_usuario:..
[2023-08-09 05:22:00] [OK] Inicio de operacion op: consulta dealumno
[2023-08-09 05:22:56] [OK] ..:validar_usuario:..
[2023-08-09 05:22:56] [OK] Inicio de operacion op: consulta dealumno
[2023-08-09 05:23:11] [OK] Respuesta: {"codResponse":"00","msjResponse":"TRANSACCIÓN OK"}
[2023-08-09 05:31:30] [OK] ..:validar_usuario:..
[2023-08-09 05:31:30] [OK] Inicio de operacion op: consulta dealumno
[2023-08-09 05:37:30] [OK] ..:crud_cursos:..
[2023-08-09 05:37:30] [OK] Inicio de operacion op: CX
[2023-08-09 05:37:30] [OK] Respuesta: {"codResponse":"00","msjResponse":"TRANSACCIÓN OK","data":[{"ID":"2","NOMBRE":"Quinto","DESCRIPCION":"CUurso de 5to","ANIO":2023,"ESTADO":"S"}]}
[2023-08-09 05:46:34] [OK] ..:validar_usuario:..
[2023-08-09 05:46:34] [OK] Inicio de operacion op: consulta dealumno
[2023-08-09 05:54:22] [OK] ..:validar_usuario:..
[2023-08-09 05:54:22] [OK] Inicio de operacion op: consulta dealumno
[2023-08-09 05:57:05] [OK] ..:validar_usuario:..
[2023-08-09 05:57:05] [OK] Inicio de operacion op: consulta deADMIN
[2023-08-09 05:57:16] [OK] Respuesta: {"codResponse":"00","msjResponse":"TRANSACCIÓN OK","data":null}
[2023-08-09 05:57:28] [OK] ..:validar_usuario:..
[2023-08-09 05:57:28] [OK] Inicio de operacion op: consulta deprofesor
[2023-08-09 05:57:39] [OK] ..:crud_cursos:..
[2023-08-09 05:57:39] [OK] Inicio de operacion op: CN
[2023-08-09 05:57:39] [OK] Respuesta: {"codResponse":"00","msjResponse":"TRANSACCIÓN OK","data":[{"ID":"2","ID_PROFESOR":3,"NOMBRE":"Quinto","DESCRIPCION":"CUurso de 5to","ANIO":2023,"ESTADO":"S"},{"ID":"7","ID_PROFESOR":3,"NOMBRE":"Sexto","DESCRIPCION":"Sexto Curso","ANIO":0,"ESTADO":"S"},{"ID":"8","ID_PROFESOR":3,"NOMBRE":"Septimo","DESCRIPCION":"7mo Curso","ANIO":0,"ESTADO":"S"}]}
[2023-08-09 06:00:59] [OK] ..:validar_usuario:..
[2023-08-09 06:00:59] [OK] Inicio de operacion op: consulta dealumno
[2023-08-09 06:01:42] [OK] ..:crud_cursos:..
[2023-08-09 06:01:42] [OK] Inicio de operacion op: CX
[2023-08-09 06:01:42] [OK] Respuesta: {"codResponse":"00","msjResponse":"TRANSACCIÓN OK","data":[{"ID":"2","NOMBRE":"Quinto","DESCRIPCION":"CUurso de 5to","ANIO":2023,"ESTADO":"S"}]}
[2023-08-09 06:01:44] [OK] ..:crud_cursos:..
[2023-08-09 06:01:44] [OK] Inicio de operacion op: CT
[2023-08-09 06:01:44] [OK] Respuesta: {"codResponse":"00","msjResponse":"TRANSACCIÓN OK","data":[{"ID":"15","ID_CURSO":"2","TITULO":"tarea de matematicas","INSTRUCCIONES":"estas son\ninstrucciones de la entrega de la tarea","FECHA_VENCIMIENTO":"24\/04\/2023"}]}
[2023-08-09 06:01:52] [OK] ..:crud_cursos:..
[2023-08-09 06:01:52] [OK] Inicio de operacion op: CX
[2023-08-09 06:01:52] [OK] Respuesta: {"codResponse":"00","msjResponse":"TRANSACCIÓN OK","data":[{"ID":"2","NOMBRE":"Quinto","DESCRIPCION":"CUurso de 5to","ANIO":2023,"ESTADO":"S"}]}
[2023-08-09 06:01:53] [OK] ..:crud_cursos:..
[2023-08-09 06:01:53] [OK] Inicio de operacion op: CT
[2023-08-09 06:01:53] [OK] Respuesta: {"codResponse":"00","msjResponse":"TRANSACCIÓN OK","data":[{"ID":"15","ID_CURSO":"2","TITULO":"tarea de matematicas","INSTRUCCIONES":"estas son\ninstrucciones de la entrega de la tarea","FECHA_VENCIMIENTO":"24\/04\/2023"}]}
[2023-08-09 06:02:07] [OK] Respuesta: {"codResponse":"00","msjResponse":"TRANSACCIÓN OK","data":[{"ID":"4","USUARIO":"alumno","NOMBRES":"Cindy Elizabeth Pérez Ortiz","SCORE":"300","ID_JUEGO":2,"NOMBRE_JUEGO":"Uso de la H"}]}
[2023-08-09 06:04:55] [OK] ..:validar_usuario:..
[2023-08-09 06:04:55] [OK] Inicio de operacion op: consulta dealumno
[2023-08-09 06:05:20] [OK] ..:validar_usuario:..
[2023-08-09 06:05:20] [OK] Inicio de operacion op: consulta deseptimo
